<?xml version="1.0" encoding="UTF-8"?>
<testsuite xmlns:xsi="http://www.w3.org/2001/XMLSchema-instance" xsi:noNamespaceSchemaLocation="https://maven.apache.org/surefire/maven-surefire-plugin/xsd/surefire-test-report-3.0.xsd" version="3.0" name="com.example.restfulbooker.tests.BookingCrudTests" time="4.824" tests="4" errors="0" skipped="0" failures="0">
  <properties>
[...]
</properties>
  <testcase name="getBookingIds_shouldReturnListOfIds" classname="com.example.restfulbooker.tests.BookingCrudTests" time="1.114">
    <system-out><![CDATA[[API] GET -> /booking
Request URI:	https://restful-booker.herokuapp.com/booking
Body:			<none>
Request URI:	https://restful-booker.herokuapp.com/booking
Body:			<none>
Request URI:	https://restful-booker.herokuapp.com/booking
Request method:	GET
[
    {
        "bookingid": 158
    },
    {
        "bookingid": 749
    },
    {
        "bookingid": 2097
    },
    {
        "bookingid": 2084
    },
    {
        "bookingid": 1843
    },
    {
        "bookingid": 1754
    },
    {
        "bookingid": 2292
    },
    {
        "bookingid": 55
    },
    {
        "bookingid": 872
    },
    {
        "bookingid": 3165
    },
    {
        "bookingid": 401
    },
    {
        "bookingid": 1956
    },
    {
        "bookingid": 3124
    },
    {
        "bookingid": 105
    },
    {
        "bookingid": 2945
    },
    {
        "bookingid": 1874
    },
    {
        "bookingid": 1272
    },
    {
        "bookingid": 1728
    },
    {
        "bookingid": 339
    },
    {
        "bookingid": 3018
    },
    {
        "bookingid": 3680
    },
    {
        "bookingid": 3120
    },
    {
        "bookingid": 2398
    },
    {
        "bookingid": 368
    },
    {
        "bookingid": 592
    },
    {
        "bookingid": 1060
    },
    {
        "bookingid": 599
    },
    {
        "bookingid": 2838
    },
    {
        "bookingid": 2844
    },
    {
        "bookingid": 1823
    },
    {
        "bookingid": 1900
    },
    {
        "bookingid": 25
    },
    {
        "bookingid": 1838
    },
    {
        "bookingid": 2758
    },
    {
        "bookingid": 223
    },
    {
        "bookingid": 3183
    },
    {
        "bookingid": 3849
    },
    {
        "bookingid": 943
    },
    {
        "bookingid": 931
    },
    {
        "bookingid": 2852
    },
    {
        "bookingid": 1756
    },
    {
        "bookingid": 1623
    },
    {
        "bookingid": 162
    },
    {
        "bookingid": 2559
    },
    {
        "bookingid": 3745
    },
    {
        "bookingid": 2637
    },
    {
        "bookingid": 944
    },
    {
        "bookingid": 2788
    },
    {
        "bookingid": 1193
    },
    {
        "bookingid": 3523
    },
    {
        "bookingid": 2634
    },
    {
        "bookingid": 2842
    },
    {
        "bookingid": 72
    },
    {
        "bookingid": 954
    },
    {
        "bookingid": 1830
    },
    {
        "bookingid": 3423
    },
    {
        "bookingid": 2849
    },
    {
        "bookingid": 417
    },
    {
        "bookingid": 3396
    },
    {
        "bookingid": 3068
    },
    {
        "bookingid": 3202
    },
    {
        "bookingid": 2641
    },
    {
        "bookingid": 2555
    },
    {
        "bookingid": 3703
    },
    {
        "bookingid": 3108
    },
    {
        "bookingid": 2240
    },
    {
        "bookingid": 3851
    },
    {
        "bookingid": 56
    },
    {
        "bookingid": 850
    },
    {
        "bookingid": 822
    },
    {
        "bookingid": 284
    },
    {
        "bookingid": 3735
    },
    {
        "bookingid": 2521
    },
    {
        "bookingid": 1811
    },
    {
        "bookingid": 1594
    },
    {
        "bookingid": 3836
    },
    {
        "bookingid": 2068
    },
    {
        "bookingid": 598
    },
    {
        "bookingid": 604
    },
    {
        "bookingid": 1709
    },
    {
        "bookingid": 3062
    },
    {
        "bookingid": 2959
    },
    {
        "bookingid": 3764
    },
    {
        "bookingid": 3364
    },
    {
        "bookingid": 2921
    },
    {
        "bookingid": 3481
    },
    {
        "bookingid": 36
    },
    {
        "bookingid": 3014
    },
    {
        "bookingid": 1851
    },
    {
        "bookingid": 1944
    },
    {
        "bookingid": 1930
    },
    {
        "bookingid": 2797
    },
    {
        "bookingid": 2413
    },
    {
        "bookingid": 185
    },
    {
        "bookingid": 3592
    },
    {
        "bookingid": 3862
    },
    {
        "bookingid": 2974
    },
    {
        "bookingid": 1935
    },
    {
        "bookingid": 411
    },
    {
        "bookingid": 1158
    },
    {
        "bookingid": 3505
    },
    {
        "bookingid": 3075
    },
    {
        "bookingid": 690
    },
    {
        "bookingid": 141
    },
    {
        "bookingid": 215
    },
    {
        "bookingid": 3763
    },
    {
        "bookingid": 73
    },
    {
        "bookingid": 3636
    },
    {
        "bookingid": 2054
    },
    {
        "bookingid": 1148
    },
    {
        "bookingid": 2070
    },
    {
        "bookingid": 3103
    },
    {
        "bookingid": 2904
    },
    {
        "bookingid": 388
    },
    {
        "bookingid": 383
    },
    {
        "bookingid": 3564
    },
    {
        "bookingid": 2360
    },
    {
        "bookingid": 229
    },
    {
        "bookingid": 2112
    },
    {
        "bookingid": 1853
    },
    {
        "bookingid": 246
    },
    {
        "bookingid": 3370
    },
    {
        "bookingid": 267
    },
    {
        "bookingid": 2406
    },
    {
        "bookingid": 1274
    },
    {
        "bookingid": 1218
    },
    {
        "bookingid": 3274
    },
    {
        "bookingid": 1424
    },
    {
        "bookingid": 796
    },
    {
        "bookingid": 1234
    },
    {
        "bookingid": 3136
    },
    {
        "bookingid": 2059
    },
    {
        "bookingid": 2046
    },
    {
        "bookingid": 2612
    },
    {
        "bookingid": 2071
    },
    {
        "bookingid": 1088
    },
    {
        "bookingid": 1890
    },
    {
        "bookingid": 2708
    },
    {
        "bookingid": 1473
    },
    {
        "bookingid": 3255
    },
    {
        "bookingid": 3354
    },
    {
        "bookingid": 360
    },
    {
        "bookingid": 3173
    },
    {
        "bookingid": 1678
    },
    {
        "bookingid": 1490
    },
    {
        "bookingid": 3294
    },
    {
        "bookingid": 131
    },
    {
        "bookingid": 3236
    },
    {
        "bookingid": 7
    },
    {
        "bookingid": 471
    },
    {
        "bookingid": 3194
    },
    {
        "bookingid": 790
    },
    {
        "bookingid": 2819
    },
    {
        "bookingid": 2760
    },
    {
        "bookingid": 3487
    },
    {
        "bookingid": 2647
    },
    {
        "bookingid": 1086
    },
    {
        "bookingid": 2393
    },
    {
        "bookingid": 2995
    },
    {
        "bookingid": 557
    },
    {
        "bookingid": 721
    },
    {
        "bookingid": 2463
    },
    {
        "bookingid": 49
    },
    {
        "bookingid": 2241
    },
    {
        "bookingid": 155
    },
    {
        "bookingid": 1953
    },
    {
        "bookingid": 3029
    },
    {
        "bookingid": 3445
    },
    {
        "bookingid": 3860
    },
    {
        "bookingid": 114
    },
    {
        "bookingid": 2129
    },
    {
        "bookingid": 2400
    },
    {
        "bookingid": 1642
    },
    {
        "bookingid": 694
    },
    {
        "bookingid": 310
    },
    {
        "bookingid": 2594
    },
    {
        "bookingid": 650
    },
    {
        "bookingid": 1808
    },
    {
        "bookingid": 139
    },
    {
        "bookingid": 1012
    },
    {
        "bookingid": 3004
    },
    {
        "bookingid": 2889
    },
    {
        "bookingid": 3829
    },
    {
        "bookingid": 3343
    },
    {
        "bookingid": 3718
    },
    {
        "bookingid": 2876
    },
    {
        "bookingid": 3867
    },
    {
        "bookingid": 1612
    },
    {
        "bookingid": 2428
    },
    {
        "bookingid": 64
    },
    {
        "bookingid": 76
    },
    {
        "bookingid": 179
    },
    {
        "bookingid": 3116
    },
    {
        "bookingid": 2650
    },
    {
        "bookingid": 1472
    },
    {
        "bookingid": 1307
    },
    {
        "bookingid": 1181
    },
    {
        "bookingid": 2179
    },
    {
        "bookingid": 2149
    },
    {
        "bookingid": 3229
    },
    {
        "bookingid": 1629
    },
    {
        "bookingid": 2680
    },
    {
        "bookingid": 2731
    },
    {
        "bookingid": 2478
    },
    {
        "bookingid": 1761
    },
    {
        "bookingid": 138
    },
    {
        "bookingid": 99
    },
    {
        "bookingid": 2467
    },
    {
        "bookingid": 2713
    },
    {
        "bookingid": 353
    },
    {
        "bookingid": 1589
    },
    {
        "bookingid": 42
    },
    {
        "bookingid": 2327
    },
    {
        "bookingid": 663
    },
    {
        "bookingid": 1952
    },
    {
        "bookingid": 1982
    },
    {
        "bookingid": 1059
    },
    {
        "bookingid": 2880
    },
    {
        "bookingid": 2445
    },
    {
        "bookingid": 2402
    },
    {
        "bookingid": 2182
    },
    {
        "bookingid": 999
    },
    {
        "bookingid": 1201
    },
    {
        "bookingid": 1080
    },
    {
        "bookingid": 2683
    },
    {
        "bookingid": 2888
    },
    {
        "bookingid": 554
    },
    {
        "bookingid": 865
    },
    {
        "bookingid": 3873
    },
    {
        "bookingid": 2985
    },
    {
        "bookingid": 1931
    },
    {
        "bookingid": 322
    },
    {
        "bookingid": 2881
    },
    {
        "bookingid": 3431
    },
    {
        "bookingid": 1850
    },
    {
        "bookingid": 3896
    },
    {
        "bookingid": 793
    },
    {
        "bookingid": 1905
    },
    {
        "bookingid": 3828
    },
    {
        "bookingid": 1408
    },
    {
        "bookingid": 1862
    },
    {
        "bookingid": 1827
    },
    {
        "bookingid": 3155
    },
    {
        "bookingid": 1183
    },
    {
        "bookingid": 1413
    },
    {
        "bookingid": 1685
    },
    {
        "bookingid": 1459
    },
    {
        "bookingid": 85
    },
    {
        "bookingid": 1120
    },
    {
        "bookingid": 2187
    },
    {
        "bookingid": 2914
    },
    {
        "bookingid": 504
    },
    {
        "bookingid": 1947
    },
    {
        "bookingid": 2086
    },
    {
        "bookingid": 2810
    },
    {
        "bookingid": 1826
    },
    {
        "bookingid": 418
    },
    {
        "bookingid": 3302
    },
    {
        "bookingid": 2897
    },
    {
        "bookingid": 802
    },
    {
        "bookingid": 2062
    },
    {
        "bookingid": 1638
    },
    {
        "bookingid": 3727
    },
    {
        "bookingid": 1429
    },
    {
        "bookingid": 497
    },
    {
        "bookingid": 2022
    },
    {
        "bookingid": 512
    },
    {
        "bookingid": 2766
    },
    {
        "bookingid": 211
    },
    {
        "bookingid": 3142
    },
    {
        "bookingid": 63
    },
    {
        "bookingid": 3879
    },
    {
        "bookingid": 1009
    },
    {
        "bookingid": 3349
    },
    {
        "bookingid": 3720
    },
    {
        "bookingid": 126
    },
    {
        "bookingid": 928
    },
    {
        "bookingid": 2152
    },
    {
        "bookingid": 3490
    },
    {
        "bookingid": 3466
    },
    {
        "bookingid": 3316
    },
    {
        "bookingid": 2590
    },
    {
        "bookingid": 590
    },
    {
        "bookingid": 979
    },
    {
        "bookingid": 3477
    },
    {
        "bookingid": 3755
    },
    {
        "bookingid": 1441
    },
    {
        "bookingid": 643
    },
    {
        "bookingid": 856
    },
    {
        "bookingid": 2369
    },
    {
        "bookingid": 3660
    },
    {
        "bookingid": 3356
    },
    {
        "bookingid": 664
    },
    {
        "bookingid": 1764
    },
    {
        "bookingid": 3446
    },
    {
        "bookingid": 1002
    },
    {
        "bookingid": 3417
    },
    {
        "bookingid": 3677
    },
    {
        "bookingid": 3280
    },
    {
        "bookingid": 3469
    },
    {
        "bookingid": 3768
    },
    {
        "bookingid": 3705
    },
    {
        "bookingid": 3598
    },
    {
        "bookingid": 444
    },
    {
        "bookingid": 381
    },
    {
        "bookingid": 97
    },
    {
        "bookingid": 3347
    },
    {
        "bookingid": 2940
    },
    {
        "bookingid": 1865
    },
    {
        "bookingid": 2189
    },
    {
        "bookingid": 854
    },
    {
        "bookingid": 265
    },
    {
        "bookingid": 3791
    },
    {
        "bookingid": 237
    },
    {
        "bookingid": 3303
    },
    {
        "bookingid": 3453
    },
    {
        "bookingid": 2803
    },
    {
        "bookingid": 74
    },
    {
        "bookingid": 319
    },
    {
        "bookingid": 214
    },
    {
        "bookingid": 3551
    },
    {
        "bookingid": 3778
    },
    {
        "bookingid": 2332
    },
    {
        "bookingid": 3459
    },
    {
        "bookingid": 936
    },
    {
        "bookingid": 1630
    },
    {
        "bookingid": 1462
    },
    {
        "bookingid": 2052
    },
    {
        "bookingid": 3870
    },
    {
        "bookingid": 3872
    },
    {
        "bookingid": 3066
    },
    {
        "bookingid": 1226
    },
    {
        "bookingid": 1993
    },
    {
        "bookingid": 2861
    },
    {
        "bookingid": 1676
    },
    {
        "bookingid": 145
    },
    {
        "bookingid": 2820
    },
    {
        "bookingid": 1975
    },
    {
        "bookingid": 1110
    },
    {
        "bookingid": 1289
    },
    {
        "bookingid": 2811
    },
    {
        "bookingid": 3081
    },
    {
        "bookingid": 2089
    },
    {
        "bookingid": 2809
    },
    {
        "bookingid": 176
    },
    {
        "bookingid": 396
    },
    {
        "bookingid": 3498
    },
    {
        "bookingid": 871
    },
    {
        "bookingid": 3573
    },
    {
        "bookingid": 2896
    },
    {
        "bookingid": 1390
    },
    {
        "bookingid": 3172
    },
    {
        "bookingid": 3333
    },
    {
        "bookingid": 3435
    },
    {
        "bookingid": 228
    },
    {
        "bookingid": 3218
    },
    {
        "bookingid": 3231
    },
    {
        "bookingid": 1046
    },
    {
        "bookingid": 2859
    },
    {
        "bookingid": 3891
    },
    {
        "bookingid": 2622
    },
    {
        "bookingid": 907
    },
    {
        "bookingid": 2831
    },
    {
        "bookingid": 1785
    },
    {
        "bookingid": 1702
    },
    {
        "bookingid": 1221
    },
    {
        "bookingid": 2337
    },
    {
        "bookingid": 3663
    },
    {
        "bookingid": 2177
    },
    {
        "bookingid": 1270
    },
    {
        "bookingid": 2862
    },
    {
        "bookingid": 3881
    },
    {
        "bookingid": 2095
    },
    {
        "bookingid": 3158
    },
    {
        "bookingid": 3134
    },
    {
        "bookingid": 3722
    },
    {
        "bookingid": 1988
    },
    {
        "bookingid": 3363
    },
    {
        "bookingid": 1661
    },
    {
        "bookingid": 2688
    },
    {
        "bookingid": 342
    },
    {
        "bookingid": 3270
    },
    {
        "bookingid": 732
    },
    {
        "bookingid": 768
    },
    {
        "bookingid": 2415
    },
    {
        "bookingid": 3223
    },
    {
        "bookingid": 1113
    },
    {
        "bookingid": 885
    },
    {
        "bookingid": 1471
    },
    {
        "bookingid": 2512
    },
    {
        "bookingid": 1793
    },
    {
        "bookingid": 2585
    },
    {
        "bookingid": 1466
    },
    {
        "bookingid": 3734
    },
    {
        "bookingid": 1350
    },
    {
        "bookingid": 3247
    },
    {
        "bookingid": 1938
    },
    {
        "bookingid": 2547
    },
    {
        "bookingid": 273
    },
    {
        "bookingid": 2377
    },
    {
        "bookingid": 448
    },
    {
        "bookingid": 2107
    },
    {
        "bookingid": 2524
    },
    {
        "bookingid": 23
    },
    {
        "bookingid": 1889
    },
    {
        "bookingid": 3685
    },
    {
        "bookingid": 470
    },
    {
        "bookingid": 3653
    },
    {
        "bookingid": 1828
    },
    {
        "bookingid": 3813
    },
    {
        "bookingid": 905
    },
    {
        "bookingid": 2717
    },
    {
        "bookingid": 3438
    },
    {
        "bookingid": 2117
    },
    {
        "bookingid": 3669
    },
    {
        "bookingid": 2007
    },
    {
        "bookingid": 3500
    },
    {
        "bookingid": 3640
    },
    {
        "bookingid": 2768
    },
    {
        "bookingid": 2480
    },
    {
        "bookingid": 2566
    },
    {
        "bookingid": 1137
    },
    {
        "bookingid": 270
    },
    {
        "bookingid": 224
    },
    {
        "bookingid": 2934
    },
    {
        "bookingid": 804
    },
    {
        "bookingid": 638
    },
    {
        "bookingid": 1092
    },
    {
        "bookingid": 1961
    },
    {
        "bookingid": 1028
    },
    {
        "bookingid": 2348
    },
    {
        "bookingid": 2454
    },
    {
        "bookingid": 3674
    },
    {
        "bookingid": 2343
    },
    {
        "bookingid": 1187
    },
    {
        "bookingid": 3264
    },
    {
        "bookingid": 2825
    },
    {
        "bookingid": 269
    },
    {
        "bookingid": 2804
    },
    {
        "bookingid": 2154
    },
    {
        "bookingid": 3181
    },
    {
        "bookingid": 1769
    },
    {
        "bookingid": 2882
    },
    {
        "bookingid": 1282
    },
    {
        "bookingid": 468
    },
    {
        "bookingid": 3357
    },
    {
        "bookingid": 1605
    },
    {
        "bookingid": 3121
    },
    {
        "bookingid": 2613
    },
    {
        "bookingid": 730
    },
    {
        "bookingid": 848
    },
    {
        "bookingid": 826
    },
    {
        "bookingid": 2920
    },
    {
        "bookingid": 993
    },
    {
        "bookingid": 1855
    },
    {
        "bookingid": 1508
    },
    {
        "bookingid": 2307
    },
    {
        "bookingid": 855
    },
    {
        "bookingid": 2358
    },
    {
        "bookingid": 1498
    },
    {
        "bookingid": 2687
    },
    {
        "bookingid": 566
    },
    {
        "bookingid": 1106
    },
    {
        "bookingid": 1574
    },
    {
        "bookingid": 2676
    },
    {
        "bookingid": 3821
    },
    {
        "bookingid": 2693
    },
    {
        "bookingid": 1195
    },
    {
        "bookingid": 3532
    },
    {
        "bookingid": 2619
    },
    {
        "bookingid": 1902
    },
    {
        "bookingid": 3769
    },
    {
        "bookingid": 51
    },
    {
        "bookingid": 918
    },
    {
        "bookingid": 230
    },
    {
        "bookingid": 252
    },
    {
        "bookingid": 1359
    },
    {
        "bookingid": 2553
    },
    {
        "bookingid": 1805
    },
    {
        "bookingid": 3544
    },
    {
        "bookingid": 2015
    },
    {
        "bookingid": 1105
    },
    {
        "bookingid": 1329
    },
    {
        "bookingid": 27
    },
    {
        "bookingid": 1859
    },
    {
        "bookingid": 2856
    },
    {
        "bookingid": 6
    },
    {
        "bookingid": 780
    },
    {
        "bookingid": 1421
    },
    {
        "bookingid": 3372
    },
    {
        "bookingid": 2138
    },
    {
        "bookingid": 3587
    },
    {
        "bookingid": 279
    },
    {
        "bookingid": 488
    },
    {
        "bookingid": 3107
    },
    {
        "bookingid": 21
    },
    {
        "bookingid": 3729
    },
    {
        "bookingid": 523
    },
    {
        "bookingid": 781
    },
    {
        "bookingid": 1820
    },
    {
        "bookingid": 1687
    },
    {
        "bookingid": 35
    },
    {
        "bookingid": 1553
    },
    {
        "bookingid": 1543
    },
    {
        "bookingid": 3079
    },
    {
        "bookingid": 2998
    },
    {
        "bookingid": 2828
    },
    {
        "bookingid": 2299
    },
    {
        "bookingid": 1287
    },
    {
        "bookingid": 1818
    },
    {
        "bookingid": 3276
    },
    {
        "bookingid": 169
    },
    {
        "bookingid": 9
    },
    {
        "bookingid": 1474
    },
    {
        "bookingid": 558
    },
    {
        "bookingid": 2560
    },
    {
        "bookingid": 3508
    },
    {
        "bookingid": 2433
    },
    {
        "bookingid": 1596
    },
    {
        "bookingid": 509
    },
    {
        "bookingid": 2253
    },
    {
        "bookingid": 313
    },
    {
        "bookingid": 1610
    },
    {
        "bookingid": 1787
    },
    {
        "bookingid": 960
    },
    {
        "bookingid": 8
    },
    {
        "bookingid": 2725
    },
    {
        "bookingid": 1967
    },
    {
        "bookingid": 2832
    },
    {
        "bookingid": 2199
    },
    {
        "bookingid": 2545
    },
    {
        "bookingid": 660
    },
    {
        "bookingid": 788
    },
    {
        "bookingid": 2439
    },
    {
        "bookingid": 3562
    },
    {
        "bookingid": 2423
    },
    {
        "bookingid": 2724
    },
    {
        "bookingid": 618
    },
    {
        "bookingid": 3412
    },
    {
        "bookingid": 3694
    },
    {
        "bookingid": 3797
    },
    {
        "bookingid": 2455
    },
    {
        "bookingid": 1535
    },
    {
        "bookingid": 334
    },
    {
        "bookingid": 2738
    },
    {
        "bookingid": 537
    },
    {
        "bookingid": 1301
    },
    {
        "bookingid": 280
    },
    {
        "bookingid": 3145
    },
    {
        "bookingid": 1353
    },
    {
        "bookingid": 501
    },
    {
        "bookingid": 2657
    },
    {
        "bookingid": 423
    },
    {
        "bookingid": 759
    },
    {
        "bookingid": 2993
    },
    {
        "bookingid": 809
    },
    {
        "bookingid": 2309
    },
    {
        "bookingid": 3600
    },
    {
        "bookingid": 1647
    },
    {
        "bookingid": 1024
    },
    {
        "bookingid": 3603
    },
    {
        "bookingid": 1581
    },
    {
        "bookingid": 1927
    },
    {
        "bookingid": 2518
    },
    {
        "bookingid": 2963
    },
    {
        "bookingid": 1426
    },
    {
        "bookingid": 2074
    },
    {
        "bookingid": 3649
    },
    {
        "bookingid": 13
    },
    {
        "bookingid": 3022
    },
    {
        "bookingid": 2573
    },
    {
        "bookingid": 2870
    },
    {
        "bookingid": 2670
    },
    {
        "bookingid": 920
    },
    {
        "bookingid": 696
    },
    {
        "bookingid": 988
    },
    {
        "bookingid": 1849
    },
    {
        "bookingid": 175
    },
    {
        "bookingid": 3546
    },
    {
        "bookingid": 2755
    },
    {
        "bookingid": 2037
    },
    {
        "bookingid": 1069
    },
    {
        "bookingid": 2509
    },
    {
        "bookingid": 3252
    },
    {
        "bookingid": 475
    },
    {
        "bookingid": 1974
    },
    {
        "bookingid": 2447
    },
    {
        "bookingid": 3716
    },
    {
        "bookingid": 1723
    },
    {
        "bookingid": 450
    },
    {
        "bookingid": 148
    },
    {
        "bookingid": 3244
    },
    {
        "bookingid": 1739
    },
    {
        "bookingid": 482
    },
    {
        "bookingid": 3043
    },
    {
        "bookingid": 376
    },
    {
        "bookingid": 3284
    },
    {
        "bookingid": 3806
    },
    {
        "bookingid": 2314
    },
    {
        "bookingid": 3023
    },
    {
        "bookingid": 1920
    },
    {
        "bookingid": 3682
    },
    {
        "bookingid": 2919
    },
    {
        "bookingid": 2416
    },
    {
        "bookingid": 3696
    },
    {
        "bookingid": 2574
    },
    {
        "bookingid": 1878
    },
    {
        "bookingid": 107
    },
    {
        "bookingid": 2157
    },
    {
        "bookingid": 3892
    },
    {
        "bookingid": 147
    },
    {
        "bookingid": 1772
    },
    {
        "bookingid": 2133
    },
    {
        "bookingid": 974
    },
    {
        "bookingid": 1817
    },
    {
        "bookingid": 3492
    },
    {
        "bookingid": 2137
    },
    {
        "bookingid": 1720
    },
    {
        "bookingid": 1386
    },
    {
        "bookingid": 2935
    },
    {
        "bookingid": 1066
    },
    {
        "bookingid": 3405
    },
    {
        "bookingid": 463
    },
    {
        "bookingid": 2232
    },
    {
        "bookingid": 3061
    },
    {
        "bookingid": 3199
    },
    {
        "bookingid": 2539
    },
    {
        "bookingid": 2055
    },
    {
        "bookingid": 1302
    },
    {
        "bookingid": 1143
    },
    {
        "bookingid": 1265
    },
    {
        "bookingid": 2080
    },
    {
        "bookingid": 2999
    },
    {
        "bookingid": 3811
    },
    {
        "bookingid": 682
    },
    {
        "bookingid": 2727
    },
    {
        "bookingid": 3321
    },
    {
        "bookingid": 3746
    },
    {
        "bookingid": 3681
    },
    {
        "bookingid": 746
    },
    {
        "bookingid": 2765
    },
    {
        "bookingid": 620
    },
    {
        "bookingid": 1313
    },
    {
        "bookingid": 1355
    },
    {
        "bookingid": 2085
    },
    {
        "bookingid": 2800
    },
    {
        "bookingid": 127
    },
    {
        "bookingid": 3512
    },
    {
        "bookingid": 3076
    },
    {
        "bookingid": 3621
    },
    {
        "bookingid": 2411
    },
    {
        "bookingid": 3392
    },
    {
        "bookingid": 370
    },
    {
        "bookingid": 203
    },
    {
        "bookingid": 3676
    },
    {
        "bookingid": 1478
    },
    {
        "bookingid": 1966
    },
    {
        "bookingid": 2784
    },
    {
        "bookingid": 3800
    },
    {
        "bookingid": 2489
    },
    {
        "bookingid": 2313
    },
    {
        "bookingid": 510
    },
    {
        "bookingid": 3540
    },
    {
        "bookingid": 119
    },
    {
        "bookingid": 893
    },
    {
        "bookingid": 1606
    },
    {
        "bookingid": 3809
    },
    {
        "bookingid": 297
    },
    {
        "bookingid": 1140
    },
    {
        "bookingid": 481
    },
    {
        "bookingid": 1165
    },
    {
        "bookingid": 1951
    },
    {
        "bookingid": 1375
    },
    {
        "bookingid": 1532
    },
    {
        "bookingid": 2748
    },
    {
        "bookingid": 1699
    },
    {
        "bookingid": 3171
    },
    {
        "bookingid": 632
    },
    {
        "bookingid": 1880
    },
    {
        "bookingid": 1842
    },
    {
        "bookingid": 3876
    },
    {
        "bookingid": 2753
    },
    {
        "bookingid": 2662
    },
    {
        "bookingid": 18
    },
    {
        "bookingid": 2854
    },
    {
        "bookingid": 3553
    },
    {
        "bookingid": 1401
    },
    {
        "bookingid": 1278
    },
    {
        "bookingid": 1033
    },
    {
        "bookingid": 596
    },
    {
        "bookingid": 2776
    },
    {
        "bookingid": 765
    },
    {
        "bookingid": 439
    },
    {
        "bookingid": 2207
    },
    {
        "bookingid": 984
    },
    {
        "bookingid": 2181
    },
    {
        "bookingid": 3810
    },
    {
        "bookingid": 1719
    },
    {
        "bookingid": 3792
    },
    {
        "bookingid": 2317
    },
    {
        "bookingid": 143
    },
    {
        "bookingid": 1592
    },
    {
        "bookingid": 2427
    },
    {
        "bookingid": 1707
    },
    {
        "bookingid": 3654
    },
    {
        "bookingid": 2922
    },
    {
        "bookingid": 364
    },
    {
        "bookingid": 1744
    },
    {
        "bookingid": 333
    },
    {
        "bookingid": 12
    },
    {
        "bookingid": 2280
    },
    {
        "bookingid": 684
    },
    {
        "bookingid": 2958
    },
    {
        "bookingid": 1440
    },
    {
        "bookingid": 1906
    },
    {
        "bookingid": 549
    },
    {
        "bookingid": 1569
    },
    {
        "bookingid": 2952
    },
    {
        "bookingid": 16
    },
    {
        "bookingid": 424
    },
    {
        "bookingid": 1394
    },
    {
        "bookingid": 945
    },
    {
        "bookingid": 2444
    },
    {
        "bookingid": 2101
    },
    {
        "bookingid": 3449
    },
    {
        "bookingid": 3857
    },
    {
        "bookingid": 562
    },
    {
        "bookingid": 3850
    },
    {
        "bookingid": 2262
    },
    {
        "bookingid": 234
    },
    {
        "bookingid": 2872
    },
    {
        "bookingid": 2893
    },
    {
        "bookingid": 831
    },
    {
        "bookingid": 875
    },
    {
        "bookingid": 782
    },
    {
        "bookingid": 580
    },
    {
        "bookingid": 711
    },
    {
        "bookingid": 2908
    },
    {
        "bookingid": 605
    },
    {
        "bookingid": 1396
    },
    {
        "bookingid": 693
    },
    {
        "bookingid": 3854
    },
    {
        "bookingid": 1205
    },
    {
        "bookingid": 1565
    },
    {
        "bookingid": 192
    },
    {
        "bookingid": 458
    },
    {
        "bookingid": 897
    },
    {
        "bookingid": 2864
    },
    {
        "bookingid": 2336
    },
    {
        "bookingid": 1806
    },
    {
        "bookingid": 2625
    },
    {
        "bookingid": 1745
    },
    {
        "bookingid": 3203
    },
    {
        "bookingid": 1296
    },
    {
        "bookingid": 77
    },
    {
        "bookingid": 3375
    },
    {
        "bookingid": 3180
    },
    {
        "bookingid": 1242
    },
    {
        "bookingid": 3668
    },
    {
        "bookingid": 3465
    },
    {
        "bookingid": 14
    },
    {
        "bookingid": 3822
    },
    {
        "bookingid": 1235
    },
    {
        "bookingid": 110
    },
    {
        "bookingid": 3042
    },
    {
        "bookingid": 2931
    },
    {
        "bookingid": 550
    },
    {
        "bookingid": 2598
    },
    {
        "bookingid": 1321
    },
    {
        "bookingid": 3539
    },
    {
        "bookingid": 3013
    },
    {
        "bookingid": 1062
    },
    {
        "bookingid": 921
    },
    {
        "bookingid": 3561
    },
    {
        "bookingid": 3579
    },
    {
        "bookingid": 3089
    },
    {
        "bookingid": 1425
    },
    {
        "bookingid": 2568
    },
    {
        "bookingid": 2603
    },
    {
        "bookingid": 2210
    },
    {
        "bookingid": 3615
    },
    {
        "bookingid": 898
    },
    {
        "bookingid": 86
    },
    {
        "bookingid": 2058
    },
    {
        "bookingid": 39
    },
    {
        "bookingid": 3092
    },
    {
        "bookingid": 2009
    },
    {
        "bookingid": 1681
    },
    {
        "bookingid": 516
    },
    {
        "bookingid": 2777
    },
    {
        "bookingid": 1776
    },
    {
        "bookingid": 3582
    },
    {
        "bookingid": 100
    },
    {
        "bookingid": 98
    },
    {
        "bookingid": 108
    },
    {
        "bookingid": 2031
    },
    {
        "bookingid": 2218
    },
    {
        "bookingid": 1814
    },
    {
        "bookingid": 1239
    },
    {
        "bookingid": 2170
    },
    {
        "bookingid": 1749
    },
    {
        "bookingid": 118
    },
    {
        "bookingid": 3009
    },
    {
        "bookingid": 2971
    },
    {
        "bookingid": 1449
    },
    {
        "bookingid": 3855
    },
    {
        "bookingid": 1138
    },
    {
        "bookingid": 3739
    },
    {
        "bookingid": 2483
    },
    {
        "bookingid": 3408
    },
    {
        "bookingid": 3227
    },
    {
        "bookingid": 336
    },
    {
        "bookingid": 102
    },
    {
        "bookingid": 1584
    },
    {
        "bookingid": 3024
    },
    {
        "bookingid": 3085
    },
    {
        "bookingid": 524
    },
    {
        "bookingid": 3102
    },
    {
        "bookingid": 1357
    },
    {
        "bookingid": 2041
    },
    {
        "bookingid": 2626
    },
    {
        "bookingid": 1735
    },
    {
        "bookingid": 3585
    },
    {
        "bookingid": 2029
    },
    {
        "bookingid": 96
    },
    {
        "bookingid": 3275
    },
    {
        "bookingid": 2605
    },
    {
        "bookingid": 1460
    },
    {
        "bookingid": 705
    },
    {
        "bookingid": 1885
    },
    {
        "bookingid": 2217
    },
    {
        "bookingid": 238
    },
    {
        "bookingid": 543
    },
    {
        "bookingid": 571
    },
    {
        "bookingid": 1035
    },
    {
        "bookingid": 2491
    },
    {
        "bookingid": 812
    },
    {
        "bookingid": 2525
    },
    {
        "bookingid": 3659
    },
    {
        "bookingid": 2293
    },
    {
        "bookingid": 938
    },
    {
        "bookingid": 3662
    },
    {
        "bookingid": 2741
    },
    {
        "bookingid": 1087
    },
    {
        "bookingid": 170
    },
    {
        "bookingid": 2395
    },
    {
        "bookingid": 2254
    },
    {
        "bookingid": 2320
    },
    {
        "bookingid": 978
    },
    {
        "bookingid": 1626
    },
    {
        "bookingid": 1134
    },
    {
        "bookingid": 2672
    },
    {
        "bookingid": 2341
    },
    {
        "bookingid": 3235
    },
    {
        "bookingid": 2939
    },
    {
        "bookingid": 846
    },
    {
        "bookingid": 536
    },
    {
        "bookingid": 486
    },
    {
        "bookingid": 2631
    },
    {
        "bookingid": 1283
    },
    {
        "bookingid": 2345
    },
    {
        "bookingid": 3196
    },
    {
        "bookingid": 654
    },
    {
        "bookingid": 3111
    },
    {
        "bookingid": 1481
    },
    {
        "bookingid": 2049
    },
    {
        "bookingid": 2586
    },
    {
        "bookingid": 1029
    },
    {
        "bookingid": 1280
    },
    {
        "bookingid": 2954
    },
    {
        "bookingid": 645
    },
    {
        "bookingid": 1041
    },
    {
        "bookingid": 1103
    },
    {
        "bookingid": 239
    },
    {
        "bookingid": 2610
    },
    {
        "bookingid": 2502
    },
    {
        "bookingid": 1989
    },
    {
        "bookingid": 3893
    },
    {
        "bookingid": 3222
    },
    {
        "bookingid": 455
    },
    {
        "bookingid": 1547
    },
    {
        "bookingid": 2857
    },
    {
        "bookingid": 2380
    },
    {
        "bookingid": 2873
    },
    {
        "bookingid": 406
    },
    {
        "bookingid": 1998
    },
    {
        "bookingid": 3394
    },
    {
        "bookingid": 667
    },
    {
        "bookingid": 803
    },
    {
        "bookingid": 2582
    },
    {
        "bookingid": 587
    },
    {
        "bookingid": 964
    },
    {
        "bookingid": 3003
    },
    {
        "bookingid": 3902
    },
    {
        "bookingid": 813
    },
    {
        "bookingid": 1011
    },
    {
        "bookingid": 1409
    },
    {
        "bookingid": 3326
    },
    {
        "bookingid": 2535
    },
    {
        "bookingid": 745
    },
    {
        "bookingid": 2667
    },
    {
        "bookingid": 3616
    },
    {
        "bookingid": 1936
    },
    {
        "bookingid": 1099
    },
    {
        "bookingid": 538
    },
    {
        "bookingid": 2334
    },
    {
        "bookingid": 2243
    },
    {
        "bookingid": 2190
    },
    {
        "bookingid": 1815
    },
    {
        "bookingid": 3087
    },
    {
        "bookingid": 940
    },
    {
        "bookingid": 3549
    },
    {
        "bookingid": 1618
    },
    {
        "bookingid": 2869
    },
    {
        "bookingid": 1343
    },
    {
        "bookingid": 857
    },
    {
        "bookingid": 150
    },
    {
        "bookingid": 626
    },
    {
        "bookingid": 3012
    },
    {
        "bookingid": 2532
    },
    {
        "bookingid": 3774
    },
    {
        "bookingid": 1109
    },
    {
        "bookingid": 2511
    },
    {
        "bookingid": 3756
    },
    {
        "bookingid": 1598
    },
    {
        "bookingid": 870
    },
    {
        "bookingid": 1411
    },
    {
        "bookingid": 1651
    },
    {
        "bookingid": 1073
    },
    {
        "bookingid": 1209
    },
    {
        "bookingid": 1255
    },
    {
        "bookingid": 670
    },
    {
        "bookingid": 3695
    },
    {
        "bookingid": 3796
    },
    {
        "bookingid": 2946
    },
    {
        "bookingid": 767
    },
    {
        "bookingid": 1487
    },
    {
        "bookingid": 2379
    },
    {
        "bookingid": 1674
    },
    {
        "bookingid": 3570
    },
    {
        "bookingid": 3049
    },
    {
        "bookingid": 3033
    },
    {
        "bookingid": 1043
    },
    {
        "bookingid": 1373
    },
    {
        "bookingid": 2834
    },
    {
        "bookingid": 3506
    },
    {
        "bookingid": 851
    },
    {
        "bookingid": 3371
    },
    {
        "bookingid": 1929
    },
    {
        "bookingid": 3216
    },
    {
        "bookingid": 3143
    },
    {
        "bookingid": 1537
    },
    {
        "bookingid": 2200
    },
    {
        "bookingid": 3691
    },
    {
        "bookingid": 800
    },
    {
        "bookingid": 2082
    },
    {
        "bookingid": 3708
    },
    {
        "bookingid": 3115
    },
    {
        "bookingid": 3552
    },
    {
        "bookingid": 3655
    },
    {
        "bookingid": 440
    },
    {
        "bookingid": 3362
    },
    {
        "bookingid": 2110
    },
    {
        "bookingid": 515
    },
    {
        "bookingid": 3179
    },
    {
        "bookingid": 1797
    },
    {
        "bookingid": 3306
    },
    {
        "bookingid": 1229
    },
    {
        "bookingid": 2410
    },
    {
        "bookingid": 527
    },
    {
        "bookingid": 902
    },
    {
        "bookingid": 1199
    },
    {
        "bookingid": 1053
    },
    {
        "bookingid": 2639
    },
    {
        "bookingid": 561
    },
    {
        "bookingid": 712
    },
    {
        "bookingid": 3169
    },
    {
        "bookingid": 2685
    },
    {
        "bookingid": 2549
    },
    {
        "bookingid": 3724
    },
    {
        "bookingid": 3
    },
    {
        "bookingid": 3420
    },
    {
        "bookingid": 3344
    },
    {
        "bookingid": 3457
    },
    {
        "bookingid": 2900
    },
    {
        "bookingid": 2028
    },
    {
        "bookingid": 3360
    },
    {
        "bookingid": 806
    },
    {
        "bookingid": 115
    },
    {
        "bookingid": 2624
    },
    {
        "bookingid": 1813
    },
    {
        "bookingid": 2436
    },
    {
        "bookingid": 415
    },
    {
        "bookingid": 641
    },
    {
        "bookingid": 1757
    },
    {
        "bookingid": 3635
    },
    {
        "bookingid": 3866
    },
    {
        "bookingid": 2249
    },
    {
        "bookingid": 1950
    },
    {
        "bookingid": 1141
    },
    {
        "bookingid": 1712
    },
    {
        "bookingid": 2185
    },
    {
        "bookingid": 2206
    },
    {
        "bookingid": 1244
    },
    {
        "bookingid": 1620
    },
    {
        "bookingid": 3711
    },
    {
        "bookingid": 2782
    },
    {
        "bookingid": 3478
    },
    {
        "bookingid": 227
    },
    {
        "bookingid": 1968
    },
    {
        "bookingid": 466
    },
    {
        "bookingid": 1941
    },
    {
        "bookingid": 2686
    },
    {
        "bookingid": 2073
    },
    {
        "bookingid": 1996
    },
    {
        "bookingid": 1160
    },
    {
        "bookingid": 1908
    },
    {
        "bookingid": 1798
    },
    {
        "bookingid": 2866
    },
    {
        "bookingid": 410
    },
    {
        "bookingid": 2180
    },
    {
        "bookingid": 1290
    },
    {
        "bookingid": 3522
    },
    {
        "bookingid": 3100
    },
    {
        "bookingid": 1170
    },
    {
        "bookingid": 250
    },
    {
        "bookingid": 2812
    },
    {
        "bookingid": 2733
    },
    {
        "bookingid": 1639
    },
    {
        "bookingid": 69
    },
    {
        "bookingid": 1653
    },
    {
        "bookingid": 991
    },
    {
        "bookingid": 1486
    },
    {
        "bookingid": 1665
    },
    {
        "bookingid": 2381
    },
    {
        "bookingid": 1688
    },
    {
        "bookingid": 421
    },
    {
        "bookingid": 2910
    },
    {
        "bookingid": 576
    },
    {
        "bookingid": 2814
    },
    {
        "bookingid": 1315
    },
    {
        "bookingid": 168
    },
    {
        "bookingid": 657
    },
    {
        "bookingid": 1631
    },
    {
        "bookingid": 1628
    },
    {
        "bookingid": 810
    },
    {
        "bookingid": 1995
    },
    {
        "bookingid": 3610
    },
    {
        "bookingid": 3253
    },
    {
        "bookingid": 3514
    },
    {
        "bookingid": 433
    },
    {
        "bookingid": 724
    },
    {
        "bookingid": 1455
    },
    {
        "bookingid": 597
    },
    {
        "bookingid": 3845
    },
    {
        "bookingid": 10
    },
    {
        "bookingid": 3015
    },
    {
        "bookingid": 3064
    },
    {
        "bookingid": 2178
    },
    {
        "bookingid": 1417
    },
    {
        "bookingid": 1133
    },
    {
        "bookingid": 877
    },
    {
        "bookingid": 1032
    },
    {
        "bookingid": 2021
    },
    {
        "bookingid": 3053
    },
    {
        "bookingid": 1083
    },
    {
        "bookingid": 1372
    },
    {
        "bookingid": 3285
    },
    {
        "bookingid": 575
    },
    {
        "bookingid": 794
    },
    {
        "bookingid": 2147
    },
    {
        "bookingid": 968
    },
    {
        "bookingid": 2286
    },
    {
        "bookingid": 937
    },
    {
        "bookingid": 371
    },
    {
        "bookingid": 44
    },
    {
        "bookingid": 838
    },
    {
        "bookingid": 3541
    },
    {
        "bookingid": 2064
    },
    {
        "bookingid": 248
    },
    {
        "bookingid": 2915
    },
    {
        "bookingid": 947
    },
    {
        "bookingid": 3250
    },
    {
        "bookingid": 1655
    },
    {
        "bookingid": 2821
    },
    {
        "bookingid": 2627
    },
    {
        "bookingid": 3272
    },
    {
        "bookingid": 161
    },
    {
        "bookingid": 3154
    },
    {
        "bookingid": 1320
    },
    {
        "bookingid": 718
    },
    {
        "bookingid": 1898
    },
    {
        "bookingid": 1573
    },
    {
        "bookingid": 1326
    },
    {
        "bookingid": 4
    },
    {
        "bookingid": 526
    },
    {
        "bookingid": 3117
    },
    {
        "bookingid": 434
    },
    {
        "bookingid": 474
    },
    {
        "bookingid": 2462
    },
    {
        "bookingid": 2707
    },
    {
        "bookingid": 1689
    },
    {
        "bookingid": 1403
    },
    {
        "bookingid": 2301
    },
    {
        "bookingid": 484
    },
    {
        "bookingid": 677
    },
    {
        "bookingid": 701
    },
    {
        "bookingid": 164
    },
    {
        "bookingid": 521
    },
    {
        "bookingid": 1959
    },
    {
        "bookingid": 882
    },
    {
        "bookingid": 1517
    },
    {
        "bookingid": 2100
    },
    {
        "bookingid": 2970
    },
    {
        "bookingid": 3430
    },
    {
        "bookingid": 1784
    },
    {
        "bookingid": 3444
    },
    {
        "bookingid": 3744
    },
    {
        "bookingid": 140
    },
    {
        "bookingid": 2827
    },
    {
        "bookingid": 2144
    },
    {
        "bookingid": 686
    },
    {
        "bookingid": 2609
    },
    {
        "bookingid": 2646
    },
    {
        "bookingid": 90
    },
    {
        "bookingid": 2010
    },
    {
        "bookingid": 3493
    },
    {
        "bookingid": 1191
    },
    {
        "bookingid": 288
    },
    {
        "bookingid": 1572
    },
    {
        "bookingid": 2456
    },
    {
        "bookingid": 3842
    },
    {
        "bookingid": 1393
    },
    {
        "bookingid": 3313
    },
    {
        "bookingid": 2649
    },
    {
        "bookingid": 1164
    },
    {
        "bookingid": 995
    },
    {
        "bookingid": 3609
    },
    {
        "bookingid": 1611
    },
    {
        "bookingid": 233
    },
    {
        "bookingid": 327
    },
    {
        "bookingid": 426
    },
    {
        "bookingid": 271
    },
    {
        "bookingid": 1177
    },
    {
        "bookingid": 190
    },
    {
        "bookingid": 842
    },
    {
        "bookingid": 2901
    },
    {
        "bookingid": 506
    },
    {
        "bookingid": 242
    },
    {
        "bookingid": 1640
    },
    {
        "bookingid": 2387
    },
    {
        "bookingid": 579
    },
    {
        "bookingid": 3418
    },
    {
        "bookingid": 3510
    },
    {
        "bookingid": 3164
    },
    {
        "bookingid": 3224
    },
    {
        "bookingid": 1100
    },
    {
        "bookingid": 950
    },
    {
        "bookingid": 2036
    },
    {
        "bookingid": 2173
    },
    {
        "bookingid": 3027
    },
    {
        "bookingid": 3273
    },
    {
        "bookingid": 652
    },
    {
        "bookingid": 1397
    },
    {
        "bookingid": 196
    },
    {
        "bookingid": 3630
    },
    {
        "bookingid": 1523
    },
    {
        "bookingid": 1288
    },
    {
        "bookingid": 1248
    },
    {
        "bookingid": 3243
    },
    {
        "bookingid": 321
    },
    {
        "bookingid": 300
    },
    {
        "bookingid": 1926
    },
    {
        "bookingid": 869
    },
    {
        "bookingid": 1562
    },
    {
        "bookingid": 3386
    },
    {
        "bookingid": 2746
    },
    {
        "bookingid": 1292
    },
    {
        "bookingid": 2167
    },
    {
        "bookingid": 2719
    },
    {
        "bookingid": 2851
    },
    {
        "bookingid": 3788
    },
    {
        "bookingid": 532
    },
    {
        "bookingid": 1145
    },
    {
        "bookingid": 129
    },
    {
        "bookingid": 84
    },
    {
        "bookingid": 3140
    },
    {
        "bookingid": 2537
    },
    {
        "bookingid": 320
    },
    {
        "bookingid": 361
    },
    {
        "bookingid": 2305
    },
    {
        "bookingid": 156
    },
    {
        "bookingid": 3761
    },
    {
        "bookingid": 79
    },
    {
        "bookingid": 723
    },
    {
        "bookingid": 2836
    },
    {
        "bookingid": 3110
    },
    {
        "bookingid": 1452
    },
    {
        "bookingid": 1179
    },
    {
        "bookingid": 3482
    },
    {
        "bookingid": 2666
    },
    {
        "bookingid": 3901
    },
    {
        "bookingid": 1529
    },
    {
        "bookingid": 2123
    },
    {
        "bookingid": 226
    },
    {
        "bookingid": 3463
    },
    {
        "bookingid": 959
    },
    {
        "bookingid": 903
    },
    {
        "bookingid": 3318
    },
    {
        "bookingid": 1427
    },
    {
        "bookingid": 2172
    },
    {
        "bookingid": 1648
    },
    {
        "bookingid": 1548
    },
    {
        "bookingid": 1718
    },
    {
        "bookingid": 1597
    },
    {
        "bookingid": 3353
    },
    {
        "bookingid": 3712
    },
    {
        "bookingid": 2944
    },
    {
        "bookingid": 2163
    },
    {
        "bookingid": 2977
    },
    {
        "bookingid": 3156
    },
    {
        "bookingid": 2506
    },
    {
        "bookingid": 3770
    },
    {
        "bookingid": 3293
    },
    {
        "bookingid": 3645
    },
    {
        "bookingid": 1903
    },
    {
        "bookingid": 2040
    },
    {
        "bookingid": 354
    },
    {
        "bookingid": 3234
    },
    {
        "bookingid": 2075
    },
    {
        "bookingid": 2386
    },
    {
        "bookingid": 299
    },
    {
        "bookingid": 146
    },
    {
        "bookingid": 2947
    },
    {
        "bookingid": 2438
    },
    {
        "bookingid": 1172
    },
    {
        "bookingid": 925
    },
    {
        "bookingid": 837
    },
    {
        "bookingid": 2204
    },
    {
        "bookingid": 685
    },
    {
        "bookingid": 1004
    },
    {
        "bookingid": 1760
    },
    {
        "bookingid": 2576
    },
    {
        "bookingid": 879
    },
    {
        "bookingid": 2116
    },
    {
        "bookingid": 3384
    },
    {
        "bookingid": 3096
    },
    {
        "bookingid": 2581
    },
    {
        "bookingid": 3627
    },
    {
        "bookingid": 1445
    },
    {
        "bookingid": 1001
    },
    {
        "bookingid": 2732
    },
    {
        "bookingid": 1214
    },
    {
        "bookingid": 123
    },
    {
        "bookingid": 1435
    },
    {
        "bookingid": 1484
    },
    {
        "bookingid": 3634
    },
    {
        "bookingid": 3148
    },
    {
        "bookingid": 1616
    },
    {
        "bookingid": 134
    },
    {
        "bookingid": 1503
    },
    {
        "bookingid": 3830
    },
    {
        "bookingid": 1189
    },
    {
        "bookingid": 2762
    },
    {
        "bookingid": 3485
    },
    {
        "bookingid": 666
    },
    {
        "bookingid": 2654
    },
    {
        "bookingid": 1458
    },
    {
        "bookingid": 1666
    },
    {
        "bookingid": 990
    },
    {
        "bookingid": 1294
    },
    {
        "bookingid": 3586
    },
    {
        "bookingid": 392
    },
    {
        "bookingid": 1734
    },
    {
        "bookingid": 505
    },
    {
        "bookingid": 476
    },
    {
        "bookingid": 2030
    },
    {
        "bookingid": 1915
    },
    {
        "bookingid": 3580
    },
    {
        "bookingid": 3618
    },
    {
        "bookingid": 1587
    },
    {
        "bookingid": 2668
    },
    {
        "bookingid": 1876
    },
    {
        "bookingid": 2855
    },
    {
        "bookingid": 2191
    },
    {
        "bookingid": 3574
    },
    {
        "bookingid": 3511
    },
    {
        "bookingid": 3890
    },
    {
        "bookingid": 3524
    },
    {
        "bookingid": 3565
    },
    {
        "bookingid": 1052
    },
    {
        "bookingid": 1123
    },
    {
        "bookingid": 2980
    },
    {
        "bookingid": 2023
    },
    {
        "bookingid": 199
    },
    {
        "bookingid": 881
    },
    {
        "bookingid": 1677
    },
    {
        "bookingid": 350
    },
    {
        "bookingid": 1656
    },
    {
        "bookingid": 614
    },
    {
        "bookingid": 3209
    },
    {
        "bookingid": 2300
    },
    {
        "bookingid": 2125
    },
    {
        "bookingid": 477
    },
    {
        "bookingid": 2473
    },
    {
        "bookingid": 429
    },
    {
        "bookingid": 1470
    },
    {
        "bookingid": 1770
    },
    {
        "bookingid": 121
    },
    {
        "bookingid": 3733
    },
    {
        "bookingid": 1914
    },
    {
        "bookingid": 3265
    },
    {
        "bookingid": 3534
    },
    {
        "bookingid": 3882
    },
    {
        "bookingid": 3594
    },
    {
        "bookingid": 3844
    },
    {
        "bookingid": 59
    },
    {
        "bookingid": 2983
    },
    {
        "bookingid": 1962
    },
    {
        "bookingid": 61
    },
    {
        "bookingid": 1527
    },
    {
        "bookingid": 965
    },
    {
        "bookingid": 2962
    },
    {
        "bookingid": 849
    },
    {
        "bookingid": 1835
    },
    {
        "bookingid": 1437
    },
    {
        "bookingid": 1249
    },
    {
        "bookingid": 200
    },
    {
        "bookingid": 2468
    },
    {
        "bookingid": 3323
    },
    {
        "bookingid": 1750
    },
    {
        "bookingid": 3441
    },
    {
        "bookingid": 3633
    },
    {
        "bookingid": 2019
    },
    {
        "bookingid": 2805
    },
    {
        "bookingid": 2750
    },
    {
        "bookingid": 2763
    },
    {
        "bookingid": 208
    },
    {
        "bookingid": 304
    },
    {
        "bookingid": 2414
    },
    {
        "bookingid": 1684
    },
    {
        "bookingid": 3130
    },
    {
        "bookingid": 2096
    },
    {
        "bookingid": 91
    },
    {
        "bookingid": 1619
    },
    {
        "bookingid": 1258
    },
    {
        "bookingid": 47
    },
    {
        "bookingid": 720
    },
    {
        "bookingid": 708
    },
    {
        "bookingid": 3055
    },
    {
        "bookingid": 2322
    },
    {
        "bookingid": 3538
    },
    {
        "bookingid": 3614
    },
    {
        "bookingid": 3656
    },
    {
        "bookingid": 331
    },
    {
        "bookingid": 2909
    },
    {
        "bookingid": 2344
    },
    {
        "bookingid": 201
    },
    {
        "bookingid": 623
    },
    {
        "bookingid": 245
    },
    {
        "bookingid": 2122
    },
    {
        "bookingid": 2499
    },
    {
        "bookingid": 957
    },
    {
        "bookingid": 1436
    },
    {
        "bookingid": 2960
    },
    {
        "bookingid": 3671
    },
    {
        "bookingid": 1079
    },
    {
        "bookingid": 2557
    },
    {
        "bookingid": 3643
    },
    {
        "bookingid": 3732
    },
    {
        "bookingid": 3399
    },
    {
        "bookingid": 1522
    },
    {
        "bookingid": 737
    },
    {
        "bookingid": 431
    },
    {
        "bookingid": 783
    },
    {
        "bookingid": 50
    },
    {
        "bookingid": 1892
    },
    {
        "bookingid": 1434
    },
    {
        "bookingid": 2533
    },
    {
        "bookingid": 1339
    },
    {
        "bookingid": 1824
    },
    {
        "bookingid": 834
    },
    {
        "bookingid": 609
    },
    {
        "bookingid": 2361
    },
    {
        "bookingid": 786
    },
    {
        "bookingid": 1738
    },
    {
        "bookingid": 2726
    },
    {
        "bookingid": 3833
    },
    {
        "bookingid": 3260
    },
    {
        "bookingid": 530
    },
    {
        "bookingid": 1176
    },
    {
        "bookingid": 483
    },
    {
        "bookingid": 710
    },
    {
        "bookingid": 413
    },
    {
        "bookingid": 568
    },
    {
        "bookingid": 3367
    },
    {
        "bookingid": 1465
    },
    {
        "bookingid": 2570
    },
    {
        "bookingid": 60
    },
    {
        "bookingid": 3126
    },
    {
        "bookingid": 1781
    },
    {
        "bookingid": 3848
    },
    {
        "bookingid": 2294
    },
    {
        "bookingid": 2526
    },
    {
        "bookingid": 3484
    },
    {
        "bookingid": 1895
    },
    {
        "bookingid": 3200
    },
    {
        "bookingid": 3137
    },
    {
        "bookingid": 675
    },
    {
        "bookingid": 2128
    },
    {
        "bookingid": 2682
    },
    {
        "bookingid": 973
    },
    {
        "bookingid": 3310
    },
    {
        "bookingid": 1624
    },
    {
        "bookingid": 1697
    },
    {
        "bookingid": 624
    },
    {
        "bookingid": 2131
    },
    {
        "bookingid": 886
    },
    {
        "bookingid": 3127
    },
    {
        "bookingid": 1114
    },
    {
        "bookingid": 2198
    },
    {
        "bookingid": 2304
    },
    {
        "bookingid": 113
    },
    {
        "bookingid": 52
    },
    {
        "bookingid": 845
    },
    {
        "bookingid": 3526
    },
    {
        "bookingid": 2941
    },
    {
        "bookingid": 611
    },
    {
        "bookingid": 1637
    },
    {
        "bookingid": 1310
    },
    {
        "bookingid": 453
    },
    {
        "bookingid": 2346
    },
    {
        "bookingid": 1810
    },
    {
        "bookingid": 2005
    },
    {
        "bookingid": 2847
    },
    {
        "bookingid": 774
    },
    {
        "bookingid": 1451
    },
    {
        "bookingid": 3304
    },
    {
        "bookingid": 2340
    },
    {
        "bookingid": 1716
    },
    {
        "bookingid": 3451
    },
    {
        "bookingid": 2277
    },
    {
        "bookingid": 1279
    },
    {
        "bookingid": 2892
    },
    {
        "bookingid": 2538
    },
    {
        "bookingid": 312
    },
    {
        "bookingid": 2540
    },
    {
        "bookingid": 3905
    },
    {
        "bookingid": 2675
    },
    {
        "bookingid": 2385
    },
    {
        "bookingid": 1933
    },
    {
        "bookingid": 2212
    },
    {
        "bookingid": 1590
    },
    {
        "bookingid": 5
    },
    {
        "bookingid": 3861
    },
    {
        "bookingid": 2806
    },
    {
        "bookingid": 1050
    },
    {
        "bookingid": 1019
    },
    {
        "bookingid": 1690
    },
    {
        "bookingid": 2530
    },
    {
        "bookingid": 182
    },
    {
        "bookingid": 2016
    },
    {
        "bookingid": 1607
    },
    {
        "bookingid": 1635
    },
    {
        "bookingid": 2734
    },
    {
        "bookingid": 2513
    },
    {
        "bookingid": 346
    },
    {
        "bookingid": 2640
    },
    {
        "bookingid": 1729
    },
    {
        "bookingid": 3207
    },
    {
        "bookingid": 3174
    },
    {
        "bookingid": 3545
    },
    {
        "bookingid": 3328
    },
    {
        "bookingid": 400
    },
    {
        "bookingid": 1416
    },
    {
        "bookingid": 2850
    },
    {
        "bookingid": 3442
    },
    {
        "bookingid": 593
    },
    {
        "bookingid": 323
    },
    {
        "bookingid": 2014
    },
    {
        "bookingid": 1268
    },
    {
        "bookingid": 17
    },
    {
        "bookingid": 2365
    },
    {
        "bookingid": 3725
    },
    {
        "bookingid": 3282
    },
    {
        "bookingid": 104
    },
    {
        "bookingid": 668
    },
    {
        "bookingid": 1987
    },
    {
        "bookingid": 3005
    },
    {
        "bookingid": 3315
    },
    {
        "bookingid": 2197
    },
    {
        "bookingid": 268
    },
    {
        "bookingid": 3515
    },
    {
        "bookingid": 817
    },
    {
        "bookingid": 3219
    },
    {
        "bookingid": 771
    },
    {
        "bookingid": 2034
    },
    {
        "bookingid": 1418
    },
    {
        "bookingid": 2310
    },
    {
        "bookingid": 1552
    },
    {
        "bookingid": 2564
    },
    {
        "bookingid": 3887
    },
    {
        "bookingid": 316
    },
    {
        "bookingid": 3605
    },
    {
        "bookingid": 2846
    },
    {
        "bookingid": 634
    },
    {
        "bookingid": 3572
    },
    {
        "bookingid": 787
    },
    {
        "bookingid": 2335
    },
    {
        "bookingid": 3327
    },
    {
        "bookingid": 2745
    },
    {
        "bookingid": 103
    },
    {
        "bookingid": 1507
    },
    {
        "bookingid": 607
    },
    {
        "bookingid": 311
    },
    {
        "bookingid": 741
    },
    {
        "bookingid": 3748
    },
    {
        "bookingid": 3458
    },
    {
        "bookingid": 1742
    },
    {
        "bookingid": 761
    },
    {
        "bookingid": 2700
    },
    {
        "bookingid": 917
    },
    {
        "bookingid": 308
    },
    {
        "bookingid": 369
    },
    {
        "bookingid": 3728
    },
    {
        "bookingid": 493
    },
    {
        "bookingid": 889
    },
    {
        "bookingid": 1232
    },
    {
        "bookingid": 3189
    },
    {
        "bookingid": 3381
    },
    {
        "bookingid": 1516
    },
    {
        "bookingid": 66
    },
    {
        "bookingid": 1202
    },
    {
        "bookingid": 2474
    },
    {
        "bookingid": 3376
    },
    {
        "bookingid": 2645
    },
    {
        "bookingid": 1256
    },
    {
        "bookingid": 619
    },
    {
        "bookingid": 1782
    },
    {
        "bookingid": 830
    },
    {
        "bookingid": 3529
    },
    {
        "bookingid": 985
    },
    {
        "bookingid": 3759
    },
    {
        "bookingid": 3689
    },
    {
        "bookingid": 295
    },
    {
        "bookingid": 3034
    },
    {
        "bookingid": 205
    },
    {
        "bookingid": 2373
    },
    {
        "bookingid": 142
    },
    {
        "bookingid": 366
    },
    {
        "bookingid": 970
    },
    {
        "bookingid": 2392
    },
    {
        "bookingid": 839
    },
    {
        "bookingid": 3007
    },
    {
        "bookingid": 1384
    },
    {
        "bookingid": 1600
    },
    {
        "bookingid": 2148
    },
    {
        "bookingid": 81
    },
    {
        "bookingid": 1008
    },
    {
        "bookingid": 1213
    },
    {
        "bookingid": 2136
    },
    {
        "bookingid": 3105
    },
    {
        "bookingid": 1837
    },
    {
        "bookingid": 2482
    },
    {
        "bookingid": 919
    },
    {
        "bookingid": 3688
    },
    {
        "bookingid": 67
    },
    {
        "bookingid": 1847
    },
    {
        "bookingid": 3856
    },
    {
        "bookingid": 1848
    },
    {
        "bookingid": 1792
    },
    {
        "bookingid": 2331
    },
    {
        "bookingid": 1659
    },
    {
        "bookingid": 656
    },
    {
        "bookingid": 1366
    },
    {
        "bookingid": 1500
    },
    {
        "bookingid": 283
    },
    {
        "bookingid": 3185
    },
    {
        "bookingid": 2752
    },
    {
        "bookingid": 3612
    },
    {
        "bookingid": 3198
    },
    {
        "bookingid": 2664
    },
    {
        "bookingid": 2259
    },
    {
        "bookingid": 1314
    },
    {
        "bookingid": 910
    },
    {
        "bookingid": 2143
    },
    {
        "bookingid": 2359
    },
    {
        "bookingid": 1207
    },
    {
        "bookingid": 1542
    },
    {
        "bookingid": 3454
    },
    {
        "bookingid": 531
    },
    {
        "bookingid": 452
    },
    {
        "bookingid": 644
    },
    {
        "bookingid": 3035
    },
    {
        "bookingid": 2274
    },
    {
        "bookingid": 760
    },
    {
        "bookingid": 3249
    },
    {
        "bookingid": 914
    },
    {
        "bookingid": 1031
    },
    {
        "bookingid": 3456
    },
    {
        "bookingid": 2192
    },
    {
        "bookingid": 2417
    },
    {
        "bookingid": 603
    },
    {
        "bookingid": 2618
    },
    {
        "bookingid": 2604
    },
    {
        "bookingid": 70
    },
    {
        "bookingid": 1886
    },
    {
        "bookingid": 967
    },
    {
        "bookingid": 2953
    },
    {
        "bookingid": 3702
    },
    {
        "bookingid": 1318
    },
    {
        "bookingid": 3093
    },
    {
        "bookingid": 1356
    },
    {
        "bookingid": 2205
    },
    {
        "bookingid": 3593
    },
    {
        "bookingid": 706
    },
    {
        "bookingid": 125
    },
    {
        "bookingid": 3436
    },
    {
        "bookingid": 2558
    },
    {
        "bookingid": 646
    },
    {
        "bookingid": 2961
    },
    {
        "bookingid": 387
    },
    {
        "bookingid": 3899
    },
    {
        "bookingid": 3597
    },
    {
        "bookingid": 2270
    },
    {
        "bookingid": 819
    },
    {
        "bookingid": 544
    },
    {
        "bookingid": 1575
    },
    {
        "bookingid": 2323
    },
    {
        "bookingid": 3341
    },
    {
        "bookingid": 2161
    },
    {
        "bookingid": 3073
    },
    {
        "bookingid": 3131
    },
    {
        "bookingid": 633
    },
    {
        "bookingid": 1155
    },
    {
        "bookingid": 1192
    },
    {
        "bookingid": 3151
    },
    {
        "bookingid": 2837
    },
    {
        "bookingid": 1713
    },
    {
        "bookingid": 3566
    },
    {
        "bookingid": 2628
    },
    {
        "bookingid": 1485
    },
    {
        "bookingid": 3648
    },
    {
        "bookingid": 3060
    },
    {
        "bookingid": 1583
    },
    {
        "bookingid": 183
    },
    {
        "bookingid": 3149
    },
    {
        "bookingid": 2013
    },
    {
        "bookingid": 1894
    },
    {
        "bookingid": 260
    },
    {
        "bookingid": 3874
    },
    {
        "bookingid": 3008
    },
    {
        "bookingid": 3195
    },
    {
        "bookingid": 1444
    },
    {
        "bookingid": 2076
    },
    {
        "bookingid": 2035
    },
    {
        "bookingid": 3398
    },
    {
        "bookingid": 951
    },
    {
        "bookingid": 1402
    },
    {
        "bookingid": 3228
    },
    {
        "bookingid": 3232
    },
    {
        "bookingid": 291
    },
    {
        "bookingid": 2283
    },
    {
        "bookingid": 2863
    },
    {
        "bookingid": 1378
    },
    {
        "bookingid": 3474
    },
    {
        "bookingid": 2698
    },
    {
        "bookingid": 1468
    },
    {
        "bookingid": 3613
    },
    {
        "bookingid": 3794
    },
    {
        "bookingid": 1864
    },
    {
        "bookingid": 163
    },
    {
        "bookingid": 2366
    },
    {
        "bookingid": 2930
    },
    {
        "bookingid": 1763
    },
    {
        "bookingid": 2159
    },
    {
        "bookingid": 1159
    },
    {
        "bookingid": 1657
    },
    {
        "bookingid": 3063
    },
    {
        "bookingid": 3757
    },
    {
        "bookingid": 3795
    },
    {
        "bookingid": 2715
    },
    {
        "bookingid": 3114
    },
    {
        "bookingid": 1999
    },
    {
        "bookingid": 1347
    },
    {
        "bookingid": 2826
    },
    {
        "bookingid": 174
    },
    {
        "bookingid": 1491
    },
    {
        "bookingid": 3740
    },
    {
        "bookingid": 1748
    },
    {
        "bookingid": 1946
    },
    {
        "bookingid": 2219
    },
    {
        "bookingid": 1076
    },
    {
        "bookingid": 1257
    },
    {
        "bookingid": 816
    },
    {
        "bookingid": 1767
    },
    {
        "bookingid": 3502
    },
    {
        "bookingid": 1404
    },
    {
        "bookingid": 3479
    },
    {
        "bookingid": 2488
    },
    {
        "bookingid": 3281
    },
    {
        "bookingid": 1456
    },
    {
        "bookingid": 1325
    },
    {
        "bookingid": 3040
    },
    {
        "bookingid": 795
    },
    {
        "bookingid": 1204
    },
    {
        "bookingid": 2261
    },
    {
        "bookingid": 2883
    },
    {
        "bookingid": 941
    },
    {
        "bookingid": 3380
    },
    {
        "bookingid": 2689
    },
    {
        "bookingid": 2588
    },
    {
        "bookingid": 171
    },
    {
        "bookingid": 728
    },
    {
        "bookingid": 3359
    },
    {
        "bookingid": 1093
    },
    {
        "bookingid": 188
    },
    {
        "bookingid": 3741
    },
    {
        "bookingid": 2926
    },
    {
        "bookingid": 2234
    },
    {
        "bookingid": 617
    },
    {
        "bookingid": 1262
    },
    {
        "bookingid": 3516
    },
    {
        "bookingid": 1613
    },
    {
        "bookingid": 2740
    },
    {
        "bookingid": 3715
    },
    {
        "bookingid": 3533
    },
    {
        "bookingid": 2709
    },
    {
        "bookingid": 2213
    },
    {
        "bookingid": 1650
    },
    {
        "bookingid": 2894
    },
    {
        "bookingid": 681
    },
    {
        "bookingid": 2498
    },
    {
        "bookingid": 3599
    },
    {
        "bookingid": 2710
    },
    {
        "bookingid": 1730
    },
    {
        "bookingid": 1796
    },
    {
        "bookingid": 1365
    },
    {
        "bookingid": 3056
    },
    {
        "bookingid": 378
    },
    {
        "bookingid": 1858
    },
    {
        "bookingid": 45
    },
    {
        "bookingid": 2592
    },
    {
        "bookingid": 438
    },
    {
        "bookingid": 2165
    },
    {
        "bookingid": 2991
    },
    {
        "bookingid": 347
    },
    {
        "bookingid": 1922
    },
    {
        "bookingid": 750
    },
    {
        "bookingid": 1564
    },
    {
        "bookingid": 1882
    },
    {
        "bookingid": 1250
    },
    {
        "bookingid": 282
    },
    {
        "bookingid": 290
    },
    {
        "bookingid": 1412
    },
    {
        "bookingid": 437
    },
    {
        "bookingid": 254
    },
    {
        "bookingid": 167
    },
    {
        "bookingid": 3334
    },
    {
        "bookingid": 1219
    },
    {
        "bookingid": 3699
    },
    {
        "bookingid": 1844
    },
    {
        "bookingid": 1104
    },
    {
        "bookingid": 1147
    },
    {
        "bookingid": 3104
    },
    {
        "bookingid": 1094
    },
    {
        "bookingid": 33
    },
    {
        "bookingid": 2250
    },
    {
        "bookingid": 1264
    },
    {
        "bookingid": 1965
    },
    {
        "bookingid": 3687
    },
    {
        "bookingid": 1585
    },
    {
        "bookingid": 379
    },
    {
        "bookingid": 26
    },
    {
        "bookingid": 344
    },
    {
        "bookingid": 178
    },
    {
        "bookingid": 2069
    },
    {
        "bookingid": 116
    },
    {
        "bookingid": 2024
    },
    {
        "bookingid": 3531
    },
    {
        "bookingid": 2643
    },
    {
        "bookingid": 1055
    },
    {
        "bookingid": 3213
    },
    {
        "bookingid": 3295
    },
    {
        "bookingid": 1526
    },
    {
        "bookingid": 2265
    },
    {
        "bookingid": 933
    },
    {
        "bookingid": 2747
    },
    {
        "bookingid": 1899
    },
    {
        "bookingid": 2242
    },
    {
        "bookingid": 1875
    },
    {
        "bookingid": 2591
    },
    {
        "bookingid": 582
    },
    {
        "bookingid": 1236
    },
    {
        "bookingid": 1415
    },
    {
        "bookingid": 3767
    },
    {
        "bookingid": 1252
    },
    {
        "bookingid": 2119
    },
    {
        "bookingid": 2266
    },
    {
        "bookingid": 1791
    },
    {
        "bookingid": 2563
    },
    {
        "bookingid": 3291
    },
    {
        "bookingid": 511
    },
    {
        "bookingid": 2108
    },
    {
        "bookingid": 1790
    },
    {
        "bookingid": 3157
    },
    {
        "bookingid": 3388
    },
    {
        "bookingid": 1731
    },
    {
        "bookingid": 3467
    },
    {
        "bookingid": 1538
    },
    {
        "bookingid": 3246
    },
    {
        "bookingid": 895
    },
    {
        "bookingid": 303
    },
    {
        "bookingid": 3299
    },
    {
        "bookingid": 2079
    },
    {
        "bookingid": 3290
    },
    {
        "bookingid": 2443
    },
    {
        "bookingid": 2355
    },
    {
        "bookingid": 517
    },
    {
        "bookingid": 909
    },
    {
        "bookingid": 133
    },
    {
        "bookingid": 3307
    },
    {
        "bookingid": 2422
    },
    {
        "bookingid": 2461
    },
    {
        "bookingid": 2325
    },
    {
        "bookingid": 496
    },
    {
        "bookingid": 195
    },
    {
        "bookingid": 733
    },
    {
        "bookingid": 3499
    },
    {
        "bookingid": 1911
    },
    {
        "bookingid": 2222
    },
    {
        "bookingid": 2158
    },
    {
        "bookingid": 330
    },
    {
        "bookingid": 735
    },
    {
        "bookingid": 2519
    },
    {
        "bookingid": 1023
    },
    {
        "bookingid": 2278
    },
    {
        "bookingid": 198
    },
    {
        "bookingid": 610
    },
    {
        "bookingid": 2061
    },
    {
        "bookingid": 777
    },
    {
        "bookingid": 31
    },
    {
        "bookingid": 3843
    },
    {
        "bookingid": 3802
    },
    {
        "bookingid": 2690
    },
    {
        "bookingid": 766
    },
    {
        "bookingid": 1871
    },
    {
        "bookingid": 678
    },
    {
        "bookingid": 2216
    },
    {
        "bookingid": 2391
    },
    {
        "bookingid": 1536
    },
    {
        "bookingid": 1380
    },
    {
        "bookingid": 1112
    },
    {
        "bookingid": 3713
    },
    {
        "bookingid": 3031
    },
    {
        "bookingid": 1152
    },
    {
        "bookingid": 446
    },
    {
        "bookingid": 591
    },
    {
        "bookingid": 407
    },
    {
        "bookingid": 2368
    },
    {
        "bookingid": 3818
    },
    {
        "bookingid": 111
    },
    {
        "bookingid": 1696
    },
    {
        "bookingid": 1420
    },
    {
        "bookingid": 286
    },
    {
        "bookingid": 2477
    },
    {
        "bookingid": 2527
    },
    {
        "bookingid": 2655
    },
    {
        "bookingid": 2986
    },
    {
        "bookingid": 2874
    },
    {
        "bookingid": 1571
    },
    {
        "bookingid": 3278
    },
    {
        "bookingid": 1389
    },
    {
        "bookingid": 89
    },
    {
        "bookingid": 3693
    },
    {
        "bookingid": 1479
    },
    {
        "bookingid": 3077
    },
    {
        "bookingid": 2083
    },
    {
        "bookingid": 2225
    },
    {
        "bookingid": 1450
    },
    {
        "bookingid": 1714
    },
    {
        "bookingid": 461
    },
    {
        "bookingid": 2291
    },
    {
        "bookingid": 583
    },
    {
        "bookingid": 2770
    },
    {
        "bookingid": 2195
    },
    {
        "bookingid": 2244
    },
    {
        "bookingid": 1308
    },
    {
        "bookingid": 2105
    },
    {
        "bookingid": 249
    },
    {
        "bookingid": 1154
    },
    {
        "bookingid": 2494
    },
    {
        "bookingid": 904
    },
    {
        "bookingid": 539
    },
    {
        "bookingid": 1180
    },
    {
        "bookingid": 1863
    },
    {
        "bookingid": 3382
    },
    {
        "bookingid": 1405
    },
    {
        "bookingid": 1333
    },
    {
        "bookingid": 3535
    },
    {
        "bookingid": 2551
    },
    {
        "bookingid": 492
    },
    {
        "bookingid": 2907
    },
    {
        "bookingid": 1188
    },
    {
        "bookingid": 3413
    },
    {
        "bookingid": 3900
    },
    {
        "bookingid": 3403
    },
    {
        "bookingid": 1124
    },
    {
        "bookingid": 2822
    },
    {
        "bookingid": 3094
    },
    {
        "bookingid": 2354
    },
    {
        "bookingid": 3240
    },
    {
        "bookingid": 2020
    },
    {
        "bookingid": 2988
    },
    {
        "bookingid": 2978
    },
    {
        "bookingid": 1533
    },
    {
        "bookingid": 2450
    },
    {
        "bookingid": 1363
    },
    {
        "bookingid": 240
    },
    {
        "bookingid": 687
    },
    {
        "bookingid": 3706
    },
    {
        "bookingid": 2787
    },
    {
        "bookingid": 3378
    },
    {
        "bookingid": 573
    },
    {
        "bookingid": 982
    },
    {
        "bookingid": 3519
    },
    {
        "bookingid": 294
    },
    {
        "bookingid": 1506
    },
    {
        "bookingid": 3823
    },
    {
        "bookingid": 301
    },
    {
        "bookingid": 15
    },
    {
        "bookingid": 3019
    },
    {
        "bookingid": 3491
    },
    {
        "bookingid": 124
    },
    {
        "bookingid": 374
    },
    {
        "bookingid": 19
    },
    {
        "bookingid": 2223
    },
    {
        "bookingid": 1407
    },
    {
        "bookingid": 1799
    },
    {
        "bookingid": 2352
    },
    {
        "bookingid": 570
    },
    {
        "bookingid": 2789
    },
    {
        "bookingid": 2
    },
    {
        "bookingid": 1917
    },
    {
        "bookingid": 2772
    },
    {
        "bookingid": 775
    },
    {
        "bookingid": 137
    },
    {
        "bookingid": 3339
    },
    {
        "bookingid": 2703
    },
    {
        "bookingid": 2127
    },
    {
        "bookingid": 627
    },
    {
        "bookingid": 3447
    },
    {
        "bookingid": 1924
    },
    {
        "bookingid": 3721
    },
    {
        "bookingid": 2841
    },
    {
        "bookingid": 82
    },
    {
        "bookingid": 1916
    },
    {
        "bookingid": 2091
    },
    {
        "bookingid": 1461
    },
    {
        "bookingid": 825
    },
    {
        "bookingid": 3785
    },
    {
        "bookingid": 908
    },
    {
        "bookingid": 702
    },
    {
        "bookingid": 34
    },
    {
        "bookingid": 3661
    },
    {
        "bookingid": 1803
    },
    {
        "bookingid": 1217
    },
    {
        "bookingid": 1945
    },
    {
        "bookingid": 2156
    },
    {
        "bookingid": 3625
    },
    {
        "bookingid": 3206
    },
    {
        "bookingid": 2510
    },
    {
        "bookingid": 1443
    },
    {
        "bookingid": 1981
    },
    {
        "bookingid": 2956
    },
    {
        "bookingid": 1672
    },
    {
        "bookingid": 1319
    },
    {
        "bookingid": 2188
    },
    {
        "bookingid": 880
    },
    {
        "bookingid": 3030
    },
    {
        "bookingid": 639
    },
    {
        "bookingid": 3361
    },
    {
        "bookingid": 2155
    },
    {
        "bookingid": 2565
    },
    {
        "bookingid": 3518
    },
    {
        "bookingid": 2285
    },
    {
        "bookingid": 888
    },
    {
        "bookingid": 3159
    },
    {
        "bookingid": 1671
    },
    {
        "bookingid": 3559
    },
    {
        "bookingid": 3437
    },
    {
        "bookingid": 519
    },
    {
        "bookingid": 499
    },
    {
        "bookingid": 3700
    },
    {
        "bookingid": 2493
    },
    {
        "bookingid": 3838
    },
    {
        "bookingid": 3348
    },
    {
        "bookingid": 2916
    },
    {
        "bookingid": 3125
    },
    {
        "bookingid": 3878
    },
    {
        "bookingid": 222
    },
    {
        "bookingid": 1558
    },
    {
        "bookingid": 1984
    },
    {
        "bookingid": 3411
    },
    {
        "bookingid": 1020
    },
    {
        "bookingid": 1960
    },
    {
        "bookingid": 1521
    },
    {
        "bookingid": 1215
    },
    {
        "bookingid": 206
    },
    {
        "bookingid": 1644
    },
    {
        "bookingid": 2276
    },
    {
        "bookingid": 2224
    },
    {
        "bookingid": 1037
    },
    {
        "bookingid": 2504
    },
    {
        "bookingid": 2284
    },
    {
        "bookingid": 2109
    },
    {
        "bookingid": 3144
    },
    {
        "bookingid": 1700
    },
    {
        "bookingid": 661
    },
    {
        "bookingid": 3468
    },
    {
        "bookingid": 747
    },
    {
        "bookingid": 2233
    },
    {
        "bookingid": 946
    },
    {
        "bookingid": 2992
    },
    {
        "bookingid": 106
    },
    {
        "bookingid": 1658
    },
    {
        "bookingid": 679
    },
    {
        "bookingid": 2813
    },
    {
        "bookingid": 397
    },
    {
        "bookingid": 1559
    },
    {
        "bookingid": 1779
    },
    {
        "bookingid": 262
    },
    {
        "bookingid": 1972
    },
    {
        "bookingid": 2531
    },
    {
        "bookingid": 3528
    },
    {
        "bookingid": 3488
    },
    {
        "bookingid": 3419
    },
    {
        "bookingid": 151
    },
    {
        "bookingid": 700
    },
    {
        "bookingid": 2835
    },
    {
        "bookingid": 3749
    },
    {
        "bookingid": 2465
    },
    {
        "bookingid": 2972
    },
    {
        "bookingid": 2716
    },
    {
        "bookingid": 3186
    },
    {
        "bookingid": 264
    },
    {
[...]
    },
    {
        "bookingid": 1330
    },
    {
        "bookingid": 1568
    },
    {
        "bookingid": 3606
    },
    {
        "bookingid": 1286
    },
    {
        "bookingid": 1128
    },
    {
        "bookingid": 2913
    },
    {
        "bookingid": 2372
    },
    {
        "bookingid": 1580
    },
    {
        "bookingid": 2247
    },
    {
        "bookingid": 1641
    },
    {
        "bookingid": 298
    },
    {
        "bookingid": 1868
    },
    {
        "bookingid": 2426
    },
    {
        "bookingid": 132
    },
    {
        "bookingid": 1027
    },
    {
        "bookingid": 3391
    },
    {
        "bookingid": 2500
    },
    {
        "bookingid": 3365
    },
    {
        "bookingid": 2790
    },
    {
        "bookingid": 29
    },
    {
        "bookingid": 3402
    },
    {
        "bookingid": 384
    },
    {
        "bookingid": 1505
    },
    {
        "bookingid": 3777
    },
    {
        "bookingid": 2264
    },
    {
        "bookingid": 797
    },
    {
        "bookingid": 2382
    },
    {
        "bookingid": 1556
    },
    {
        "bookingid": 3163
    },
    {
        "bookingid": 345
    },
    {
        "bookingid": 41
    },
    {
        "bookingid": 555
    },
    {
        "bookingid": 602
    },
    {
        "bookingid": 1085
    },
    {
        "bookingid": 3051
    },
    {
        "bookingid": 473
    },
    {
        "bookingid": 3241
    },
    {
        "bookingid": 3624
    },
    {
        "bookingid": 338
    },
    {
        "bookingid": 1186
    },
    {
        "bookingid": 3039
    },
    {
        "bookingid": 3904
    },
    {
        "bookingid": 1771
    },
    {
        "bookingid": 3578
    },
    {
        "bookingid": 355
    },
    {
        "bookingid": 3046
    },
    {
        "bookingid": 3259
    },
    {
        "bookingid": 2388
    },
    {
        "bookingid": 1048
    },
    {
        "bookingid": 2102
    },
    {
        "bookingid": 3543
    },
    {
        "bookingid": 398
    },
    {
        "bookingid": 998
    },
    {
        "bookingid": 3025
    },
    {
        "bookingid": 929
    },
    {
        "bookingid": 460
    },
    {
        "bookingid": 1807
    },
    {
        "bookingid": 2696
    },
    {
        "bookingid": 3588
    },
    {
        "bookingid": 1893
    },
    {
        "bookingid": 934
    },
    {
        "bookingid": 563
    },
    {
        "bookingid": 3762
    },
    {
        "bookingid": 695
    },
    {
        "bookingid": 1132
    },
    {
        "bookingid": 2702
    },
    {
        "bookingid": 699
    },
    {
        "bookingid": 3647
    },
    {
        "bookingid": 405
    },
    {
        "bookingid": 1578
    },
    {
        "bookingid": 326
    },
    {
        "bookingid": 348
    },
    {
        "bookingid": 1727
    },
    {
        "bookingid": 2183
    },
    {
        "bookingid": 3837
    },
    {
        "bookingid": 393
    },
    {
        "bookingid": 2656
    },
    {
        "bookingid": 1370
    },
    {
        "bookingid": 2176
    },
    {
        "bookingid": 3753
    },
    {
        "bookingid": 144
    },
    {
        "bookingid": 3188
    },
    {
        "bookingid": 3620
    },
    {
        "bookingid": 3779
    },
    {
        "bookingid": 135
    },
    {
        "bookingid": 628
    },
    {
        "bookingid": 2697
    },
    {
        "bookingid": 1057
    },
    {
        "bookingid": 1095
    },
    {
        "bookingid": 2226
    },
    {
        "bookingid": 916
    },
    {
        "bookingid": 863
    },
    {
        "bookingid": 2298
    },
    {
        "bookingid": 789
    },
    {
        "bookingid": 3210
    },
    {
        "bookingid": 3312
    },
    {
        "bookingid": 3786
    },
    {
        "bookingid": 2441
    },
    {
        "bookingid": 1227
    },
    {
        "bookingid": 2997
    },
    {
        "bookingid": 3738
    },
    {
        "bookingid": 1208
    },
    {
        "bookingid": 3831
    },
    {
        "bookingid": 3644
    },
    {
        "bookingid": 157
    },
    {
        "bookingid": 3475
    },
    {
        "bookingid": 3571
    },
    {
        "bookingid": 1668
    },
    {
        "bookingid": 218
    },
    {
        "bookingid": 567
    },
    {
        "bookingid": 1068
    },
    {
        "bookingid": 820
    },
    {
        "bookingid": 2273
    },
    {
        "bookingid": 1601
    },
    {
        "bookingid": 78
    },
    {
        "bookingid": 542
    },
    {
        "bookingid": 2238
    },
    {
        "bookingid": 3780
    },
    {
        "bookingid": 2371
    },
    {
        "bookingid": 149
    },
    {
        "bookingid": 1680
    },
    {
        "bookingid": 2949
    },
    {
        "bookingid": 3404
    },
    {
        "bookingid": 613
    },
    {
        "bookingid": 1550
    },
    {
        "bookingid": 1431
    },
    {
        "bookingid": 3256
    },
    {
        "bookingid": 1703
    },
    {
        "bookingid": 642
    },
    {
        "bookingid": 2927
    },
    {
        "bookingid": 38
    },
    {
        "bookingid": 3754
    },
    {
        "bookingid": 212
    },
    {
        "bookingid": 3221
    },
    {
        "bookingid": 2469
    },
    {
        "bookingid": 3176
    },
    {
        "bookingid": 1617
    },
    {
        "bookingid": 901
    },
    {
        "bookingid": 363
    },
    {
        "bookingid": 2705
    },
    {
        "bookingid": 491
    },
    {
        "bookingid": 3048
    },
    {
        "bookingid": 3710
    },
    {
        "bookingid": 2677
    },
    {
        "bookingid": 3888
    },
    {
        "bookingid": 1778
    },
    {
        "bookingid": 3884
    },
    {
        "bookingid": 3424
    },
    {
        "bookingid": 2877
    },
    {
        "bookingid": 962
    },
    {
        "bookingid": 3170
    },
    {
        "bookingid": 726
    },
    {
        "bookingid": 2470
    },
    {
        "bookingid": 317
    },
    {
        "bookingid": 2923
    },
    {
        "bookingid": 37
    },
    {
        "bookingid": 261
    },
    {
        "bookingid": 2403
    },
    {
        "bookingid": 390
    },
    {
        "bookingid": 2484
    },
    {
        "bookingid": 1149
    },
    {
        "bookingid": 408
    },
    {
        "bookingid": 858
    },
    {
        "bookingid": 3322
    },
    {
        "bookingid": 3604
    },
    {
        "bookingid": 1072
    },
    {
        "bookingid": 2425
    },
    {
        "bookingid": 932
    },
    {
        "bookingid": 256
    },
    {
        "bookingid": 2671
    },
    {
        "bookingid": 1747
    },
    {
        "bookingid": 2495
    },
    {
        "bookingid": 3340
    },
    {
        "bookingid": 3824
    },
    {
        "bookingid": 3883
    },
    {
        "bookingid": 3626
    },
    {
        "bookingid": 1253
    },
    {
        "bookingid": 2164
    },
    {
        "bookingid": 996
    },
    {
        "bookingid": 1563
    },
    {
        "bookingid": 2781
    },
    {
        "bookingid": 1077
    },
    {
        "bookingid": 54
    },
    {
        "bookingid": 389
    },
    {
        "bookingid": 3406
    },
    {
        "bookingid": 3088
    },
    {
        "bookingid": 3496
    },
    {
        "bookingid": 258
    },
    {
        "bookingid": 2602
    },
    {
        "bookingid": 2256
    },
    {
        "bookingid": 216
    },
    {
        "bookingid": 2968
    },
    {
        "bookingid": 739
    },
    {
        "bookingid": 1225
    },
    {
        "bookingid": 1788
    },
    {
        "bookingid": 3577
    },
    {
        "bookingid": 1374
    },
    {
        "bookingid": 2520
    },
    {
        "bookingid": 1098
    },
    {
        "bookingid": 459
    },
    {
        "bookingid": 3286
    },
    {
        "bookingid": 1802
    },
    {
        "bookingid": 1349
    },
    {
        "bookingid": 3041
    },
    {
        "bookingid": 1184
    },
    {
        "bookingid": 1545
    },
    {
        "bookingid": 578
    },
    {
        "bookingid": 3138
    },
    {
        "bookingid": 87
    },
    {
        "bookingid": 1534
    },
    {
        "bookingid": 2282
    },
    {
        "bookingid": 2140
    },
    {
        "bookingid": 1344
    },
    {
        "bookingid": 1986
    },
    {
        "bookingid": 754
    },
    {
        "bookingid": 3071
    },
    {
        "bookingid": 1819
    },
    {
        "bookingid": 277
    },
    {
        "bookingid": 1196
    },
    {
        "bookingid": 2451
    },
    {
        "bookingid": 1992
    },
    {
        "bookingid": 2902
    },
    {
        "bookingid": 3414
    },
    {
        "bookingid": 559
    },
    {
        "bookingid": 756
    },
    {
        "bookingid": 3297
    },
    {
        "bookingid": 1014
    },
    {
        "bookingid": 2319
    },
    {
        "bookingid": 435
    },
    {
        "bookingid": 1829
    },
    {
        "bookingid": 2353
    },
    {
        "bookingid": 824
    },
    {
        "bookingid": 1836
    },
    {
        "bookingid": 2635
    },
    {
        "bookingid": 3021
    },
    {
        "bookingid": 2315
    },
    {
        "bookingid": 3803
    },
    {
        "bookingid": 465
    },
    {
        "bookingid": 117
    },
    {
        "bookingid": 2780
    },
    {
        "bookingid": 2048
    },
    {
        "bookingid": 2792
    },
    {
        "bookingid": 1261
    },
    {
        "bookingid": 2434
    },
    {
        "bookingid": 1482
    },
    {
        "bookingid": 1360
    },
    {
        "bookingid": 2620
    },
    {
        "bookingid": 2579
    },
    {
        "bookingid": 533
    },
    {
        "bookingid": 403
    },
    {
        "bookingid": 3212
    },
    {
        "bookingid": 1067
    },
    {
        "bookingid": 3550
    },
    {
        "bookingid": 2094
    },
    {
        "bookingid": 494
    },
    {
        "bookingid": 1499
    },
    {
        "bookingid": 2771
    },
    {
        "bookingid": 2507
    },
    {
        "bookingid": 3150
    },
    {
        "bookingid": 1591
    },
    {
        "bookingid": 3776
    },
    {
        "bookingid": 2394
    },
    {
        "bookingid": 1039
    },
    {
        "bookingid": 1430
    },
    {
        "bookingid": 1670
    },
    {
        "bookingid": 1467
    },
    {
        "bookingid": 1166
    },
    {
        "bookingid": 3670
    },
    {
        "bookingid": 2661
    },
    {
        "bookingid": 956
    },
    {
        "bookingid": 2815
    },
    {
        "bookingid": 2868
    },
    {
        "bookingid": 489
    },
    {
        "bookingid": 2453
    },
    {
        "bookingid": 828
    },
    {
        "bookingid": 2937
    },
    {
        "bookingid": 1520
    },
    {
        "bookingid": 2476
    },
    {
        "bookingid": 2601
    },
    {
        "bookingid": 725
    },
    {
        "bookingid": 1304
    },
    {
        "bookingid": 3801
    },
    {
        "bookingid": 1277
    },
    {
        "bookingid": 1391
    },
    {
        "bookingid": 1976
    },
    {
        "bookingid": 2004
    },
    {
        "bookingid": 2421
    },
    {
        "bookingid": 2245
    },
    {
        "bookingid": 3083
    },
    {
        "bookingid": 1369
    },
    {
        "bookingid": 659
    },
    {
        "bookingid": 57
    },
    {
        "bookingid": 217
    },
    {
        "bookingid": 2431
    },
    {
        "bookingid": 1494
    },
    {
        "bookingid": 3258
    },
    {
        "bookingid": 3123
    },
    {
        "bookingid": 2092
    },
    {
        "bookingid": 1870
    },
    {
        "bookingid": 1997
    },
    {
        "bookingid": 2329
    },
    {
        "bookingid": 2600
    },
    {
        "bookingid": 1646
    },
    {
        "bookingid": 2042
    },
    {
        "bookingid": 1168
    },
    {
        "bookingid": 3052
    },
    {
        "bookingid": 2418
    },
    {
        "bookingid": 674
    },
    {
        "bookingid": 2984
    },
    {
        "bookingid": 1736
    },
    {
        "bookingid": 805
    },
    {
        "bookingid": 2723
    },
    {
        "bookingid": 2801
    }
]
]]></system-out>
  </testcase>
  <testcase name="deleteBooking_shouldRemoveBooking" classname="com.example.restfulbooker.tests.BookingCrudTests" time="1.996">
    <system-out><![CDATA[[API] POST -> /booking
Request URI:	https://restful-booker.herokuapp.com/booking
Body:
{
    "firstname": "Shubhanshu",
    "lastname": "Rastogi",
    "totalprice": 150,
    "depositpaid": true,
    "bookingdates": {
        "checkin": "2025-01-01",
        "checkout": "2025-01-05"
    },
    "additionalneeds": "Breakfast"
}
Request URI:	https://restful-booker.herokuapp.com/booking
Body:
{
    "firstname": "Shubhanshu",
    "lastname": "Rastogi",
    "totalprice": 150,
    "depositpaid": true,
    "bookingdates": {
        "checkin": "2025-01-01",
        "checkout": "2025-01-05"
    },
    "additionalneeds": "Breakfast"
}
Request URI:	https://restful-booker.herokuapp.com/booking
Request method:	POST
{
    "bookingid": 3916,
    "booking": {
        "firstname": "Shubhanshu",
        "lastname": "Rastogi",
        "totalprice": 150,
        "depositpaid": true,
        "bookingdates": {
            "checkin": "2025-01-01",
            "checkout": "2025-01-05"
        },
        "additionalneeds": "Breakfast"
    }
}
HTTP/1.1 200 OK
{
    "bookingid": 3916,
    "booking": {
        "firstname": "Shubhanshu",
        "lastname": "Rastogi",
        "totalprice": 150,
        "depositpaid": true,
        "bookingdates": {
            "checkin": "2025-01-01",
            "checkout": "2025-01-05"
        },
        "additionalneeds": "Breakfast"
    }
}
HTTP/1.1 200 OK
[API] Status: 200
[API] POST -> /auth
Request URI:	https://restful-booker.herokuapp.com/auth
Body:
{
    "username": "admin",
    "password": "password123"
}
Request URI:	https://restful-booker.herokuapp.com/auth
Body:
{
    "username": "admin",
    "password": "password123"
}
Request URI:	https://restful-booker.herokuapp.com/auth
Request method:	POST
{
    "token": "ad7e76fe50a8240"
}
HTTP/1.1 200 OK
{
    "token": "ad7e76fe50a8240"
}
HTTP/1.1 200 OK
[API] Status: 200
[API] DELETE -> /booking/3916
Request URI:	https://restful-booker.herokuapp.com/booking/3916
Body:			<none>
Request URI:	https://restful-booker.herokuapp.com/booking/3916
Body:			<none>
Request URI:	https://restful-booker.herokuapp.com/booking/3916
Request method:	DELETE
Created
HTTP/1.1 201 Created
Created
HTTP/1.1 201 Created
[API] Status: 201
[API] GET -> /booking/3916
Request URI:	https://restful-booker.herokuapp.com/booking/3916
Body:			<none>
Request URI:	https://restful-booker.herokuapp.com/booking/3916
Body:			<none>
Request URI:	https://restful-booker.herokuapp.com/booking/3916
Request method:	GET
Not Found
HTTP/1.1 404 Not Found
Not Found
HTTP/1.1 404 Not Found
[API] Status: 404
]]></system-out>
  </testcase>
  <testcase name="updateBooking_shouldRequireAuthAndReturnUpdatedBooking" classname="com.example.restfulbooker.tests.BookingCrudTests" time="1.081">
    <system-out><![CDATA[[API] POST -> /booking
Request URI:	https://restful-booker.herokuapp.com/booking
Body:
{
    "firstname": "Shubhanshu",
    "lastname": "Rastogi",
    "totalprice": 150,
    "depositpaid": true,
    "bookingdates": {
        "checkin": "2025-01-01",
        "checkout": "2025-01-05"
    },
    "additionalneeds": "Breakfast"
}
Request URI:	https://restful-booker.herokuapp.com/booking
Body:
{
    "firstname": "Shubhanshu",
    "lastname": "Rastogi",
    "totalprice": 150,
    "depositpaid": true,
    "bookingdates": {
        "checkin": "2025-01-01",
        "checkout": "2025-01-05"
    },
    "additionalneeds": "Breakfast"
}
Request URI:	https://restful-booker.herokuapp.com/booking
Request method:	POST
{
    "bookingid": 3937,
    "booking": {
        "firstname": "Shubhanshu",
        "lastname": "Rastogi",
        "totalprice": 150,
        "depositpaid": true,
        "bookingdates": {
            "checkin": "2025-01-01",
            "checkout": "2025-01-05"
        },
        "additionalneeds": "Breakfast"
    }
}
HTTP/1.1 200 OK
{
    "bookingid": 3937,
    "booking": {
        "firstname": "Shubhanshu",
        "lastname": "Rastogi",
        "totalprice": 150,
        "depositpaid": true,
        "bookingdates": {
            "checkin": "2025-01-01",
            "checkout": "2025-01-05"
        },
        "additionalneeds": "Breakfast"
    }
}
HTTP/1.1 200 OK
[API] Status: 200
[API] PUT -> /booking/3937
Request URI:	https://restful-booker.herokuapp.com/booking/3937
Body:
{
    "firstname": "Shubhanshu",
    "lastname": "UpdatedLastName",
    "totalprice": 150,
    "depositpaid": true,
    "bookingdates": {
        "checkin": "2025-01-01",
        "checkout": "2025-01-05"
    },
    "additionalneeds": "Breakfast"
}
Request URI:	https://restful-booker.herokuapp.com/booking/3937
Body:
{
    "firstname": "Shubhanshu",
    "lastname": "UpdatedLastName",
    "totalprice": 150,
    "depositpaid": true,
    "bookingdates": {
        "checkin": "2025-01-01",
        "checkout": "2025-01-05"
    },
    "additionalneeds": "Breakfast"
}
Request URI:	https://restful-booker.herokuapp.com/booking/3937
Request method:	PUT
{
    "firstname": "Shubhanshu",
    "lastname": "UpdatedLastName",
    "totalprice": 150,
    "depositpaid": true,
    "bookingdates": {
        "checkin": "2025-01-01",
        "checkout": "2025-01-05"
    },
    "additionalneeds": "Breakfast"
}
HTTP/1.1 200 OK
{
    "firstname": "Shubhanshu",
    "lastname": "UpdatedLastName",
    "totalprice": 150,
    "depositpaid": true,
    "bookingdates": {
        "checkin": "2025-01-01",
        "checkout": "2025-01-05"
    },
    "additionalneeds": "Breakfast"
}
HTTP/1.1 200 OK
[API] Status: 200
{
    "firstname": "Shubhanshu",
    "lastname": "UpdatedLastName",
    "totalprice": 150,
    "depositpaid": true,
    "bookingdates": {
        "checkin": "2025-01-01",
        "checkout": "2025-01-05"
    },
    "additionalneeds": "Breakfast"
}
]]></system-out>
  </testcase>
  <testcase name="createBooking_shouldReturnBookingIdAndBookingObject" classname="com.example.restfulbooker.tests.BookingCrudTests" time="0.631">
    <system-out><![CDATA[[API] POST -> /booking
Request URI:	https://restful-booker.herokuapp.com/booking
Body:
{
    "firstname": "Shubhanshu",
    "lastname": "Rastogi",
    "totalprice": 150,
    "depositpaid": true,
    "bookingdates": {
        "checkin": "2025-01-01",
        "checkout": "2025-01-05"
    },
    "additionalneeds": "Breakfast"
}
Request URI:	https://restful-booker.herokuapp.com/booking
Body:
{
    "firstname": "Shubhanshu",
    "lastname": "Rastogi",
    "totalprice": 150,
    "depositpaid": true,
    "bookingdates": {
        "checkin": "2025-01-01",
        "checkout": "2025-01-05"
    },
    "additionalneeds": "Breakfast"
}
Request URI:	https://restful-booker.herokuapp.com/booking
Request method:	POST
{
    "bookingid": 3950,
    "booking": {
        "firstname": "Shubhanshu",
        "lastname": "Rastogi",
        "totalprice": 150,
        "depositpaid": true,
        "bookingdates": {
            "checkin": "2025-01-01",
            "checkout": "2025-01-05"
        },
        "additionalneeds": "Breakfast"
    }
}
HTTP/1.1 200 OK
{
    "bookingid": 3950,
    "booking": {
        "firstname": "Shubhanshu",
        "lastname": "Rastogi",
        "totalprice": 150,
        "depositpaid": true,
        "bookingdates": {
            "checkin": "2025-01-01",
            "checkout": "2025-01-05"
        },
        "additionalneeds": "Breakfast"
    }
}
HTTP/1.1 200 OK
[API] Status: 200
{
    "bookingid": 3950,
    "booking": {
        "firstname": "Shubhanshu",
        "lastname": "Rastogi",
        "totalprice": 150,
        "depositpaid": true,
        "bookingdates": {
            "checkin": "2025-01-01",
            "checkout": "2025-01-05"
        },
        "additionalneeds": "Breakfast"
    }
}
]]></system-out>
  </testcase>
</testsuite>