<?xml version="1.0" encoding="UTF-8"?>
<testsuite xmlns:xsi="http://www.w3.org/2001/XMLSchema-instance" xsi:noNamespaceSchemaLocation="https://maven.apache.org/surefire/maven-surefire-plugin/xsd/surefire-test-report-3.0.xsd" version="3.0" name="com.example.restfulbooker.tests.BookingCrudTests" time="4.505" tests="4" errors="0" skipped="0" failures="0">
  <properties>
[...]
</properties>
  <testcase name="getBookingIds_shouldReturnListOfIds" classname="com.example.restfulbooker.tests.BookingCrudTests" time="0.758">
    <system-out><![CDATA[[API] GET -> /booking
Request URI:	https://restful-booker.herokuapp.com/booking
Body:			<none>
Request URI:	https://restful-booker.herokuapp.com/booking
Body:			<none>
Request URI:	https://restful-booker.herokuapp.com/booking
Request method:	GET
[
    {
        "bookingid": 615
    },
    {
        "bookingid": 161
    },
    {
        "bookingid": 307
    },
    {
        "bookingid": 210
    },
    {
        "bookingid": 39
    },
    {
        "bookingid": 629
    },
    {
        "bookingid": 668
    },
    {
        "bookingid": 835
    },
    {
        "bookingid": 414
    },
    {
        "bookingid": 33
    },
    {
        "bookingid": 601
    },
    {
        "bookingid": 462
    },
    {
        "bookingid": 570
    },
    {
        "bookingid": 956
    },
    {
        "bookingid": 808
    },
    {
        "bookingid": 81
    },
    {
        "bookingid": 897
    },
    {
        "bookingid": 259
    },
    {
        "bookingid": 415
    },
    {
        "bookingid": 916
    },
    {
        "bookingid": 151
    },
    {
        "bookingid": 455
    },
    {
        "bookingid": 814
    },
    {
        "bookingid": 95
    },
    {
        "bookingid": 194
    },
    {
        "bookingid": 669
    },
    {
        "bookingid": 469
    },
    {
        "bookingid": 506
    },
    {
        "bookingid": 339
    },
    {
        "bookingid": 256
    },
    {
        "bookingid": 687
    },
    {
        "bookingid": 852
    },
    {
        "bookingid": 859
    },
    {
        "bookingid": 666
    },
    {
        "bookingid": 839
    },
    {
        "bookingid": 242
    },
    {
        "bookingid": 524
    },
    {
        "bookingid": 547
    },
    {
        "bookingid": 914
    },
    {
        "bookingid": 752
    },
    {
        "bookingid": 898
    },
    {
        "bookingid": 780
    },
    {
        "bookingid": 655
    },
    {
        "bookingid": 429
    },
    {
        "bookingid": 585
    },
    {
        "bookingid": 114
    },
    {
        "bookingid": 725
    },
    {
        "bookingid": 917
    },
    {
        "bookingid": 979
    },
    {
        "bookingid": 421
    },
    {
        "bookingid": 512
    },
    {
        "bookingid": 659
    },
    {
        "bookingid": 976
    },
    {
        "bookingid": 22
    },
    {
        "bookingid": 329
    },
    {
        "bookingid": 618
    },
    {
        "bookingid": 586
    },
    {
        "bookingid": 665
    },
    {
        "bookingid": 574
    },
    {
        "bookingid": 485
    },
    {
        "bookingid": 834
    },
    {
        "bookingid": 1
    },
    {
        "bookingid": 173
    },
    {
        "bookingid": 764
    },
    {
        "bookingid": 466
    },
    {
        "bookingid": 768
    },
    {
        "bookingid": 966
    },
    {
        "bookingid": 368
    },
    {
        "bookingid": 123
    },
    {
        "bookingid": 148
    },
    {
        "bookingid": 4
    },
    {
        "bookingid": 736
    },
    {
        "bookingid": 41
    },
    {
        "bookingid": 499
    },
    {
        "bookingid": 423
    },
    {
        "bookingid": 196
    },
    {
        "bookingid": 555
    },
    {
        "bookingid": 681
    },
    {
        "bookingid": 931
    },
    {
        "bookingid": 296
    },
    {
        "bookingid": 946
    },
    {
        "bookingid": 168
    },
    {
        "bookingid": 57
    },
    {
        "bookingid": 140
    },
    {
        "bookingid": 289
    },
    {
        "bookingid": 748
    },
    {
        "bookingid": 656
    },
    {
        "bookingid": 152
    },
    {
        "bookingid": 783
    },
    {
        "bookingid": 530
    },
    {
        "bookingid": 264
    },
    {
        "bookingid": 162
    },
    {
        "bookingid": 597
    },
    {
        "bookingid": 193
    },
    {
        "bookingid": 147
    },
    {
        "bookingid": 286
    },
    {
        "bookingid": 12
    },
    {
        "bookingid": 205
    },
    {
        "bookingid": 70
    },
    {
        "bookingid": 371
    },
    {
        "bookingid": 987
    },
    {
        "bookingid": 557
    },
    {
        "bookingid": 219
    },
    {
        "bookingid": 268
    },
    {
        "bookingid": 111
    },
    {
        "bookingid": 62
    },
    {
        "bookingid": 660
    },
    {
        "bookingid": 101
    },
    {
        "bookingid": 644
    },
    {
        "bookingid": 803
    },
    {
        "bookingid": 52
    },
    {
        "bookingid": 413
    },
    {
        "bookingid": 944
    },
    {
        "bookingid": 343
    },
    {
        "bookingid": 20
    },
    {
        "bookingid": 939
    },
    {
        "bookingid": 92
    },
    {
        "bookingid": 920
    },
    {
        "bookingid": 728
    },
    {
        "bookingid": 306
    },
    {
        "bookingid": 208
    },
    {
        "bookingid": 2
    },
    {
        "bookingid": 915
    },
    {
        "bookingid": 113
    },
    {
        "bookingid": 399
    },
    {
        "bookingid": 332
    },
    {
        "bookingid": 833
    },
    {
        "bookingid": 302
    },
    {
        "bookingid": 505
    },
    {
        "bookingid": 391
    },
    {
        "bookingid": 751
    },
    {
        "bookingid": 14
    },
    {
        "bookingid": 493
    },
    {
        "bookingid": 626
    },
    {
        "bookingid": 825
    },
    {
        "bookingid": 336
    },
    {
        "bookingid": 739
    },
    {
        "bookingid": 313
    },
    {
        "bookingid": 134
    },
    {
        "bookingid": 753
    },
    {
        "bookingid": 727
    },
    {
        "bookingid": 680
    },
    {
        "bookingid": 88
    },
    {
        "bookingid": 359
    },
    {
        "bookingid": 779
    },
    {
        "bookingid": 64
    },
    {
        "bookingid": 826
    },
    {
        "bookingid": 843
    },
    {
        "bookingid": 209
    },
    {
        "bookingid": 42
    },
    {
        "bookingid": 217
    },
    {
        "bookingid": 275
    },
    {
        "bookingid": 287
    },
    {
        "bookingid": 202
    },
    {
        "bookingid": 648
    },
    {
        "bookingid": 683
    },
    {
        "bookingid": 760
    },
    {
        "bookingid": 686
    },
    {
        "bookingid": 361
    },
    {
        "bookingid": 251
    },
    {
        "bookingid": 636
    },
    {
        "bookingid": 451
    },
    {
        "bookingid": 15
    },
    {
        "bookingid": 90
    },
    {
        "bookingid": 233
    },
    {
        "bookingid": 228
    },
    {
        "bookingid": 30
    },
    {
        "bookingid": 326
    },
    {
        "bookingid": 154
    },
    {
        "bookingid": 947
    },
    {
        "bookingid": 875
    },
    {
        "bookingid": 625
    },
    {
        "bookingid": 794
    },
    {
        "bookingid": 714
    },
    {
        "bookingid": 402
    },
    {
        "bookingid": 473
    },
    {
        "bookingid": 254
    },
    {
        "bookingid": 561
    },
    {
        "bookingid": 428
    },
    {
        "bookingid": 185
    },
    {
        "bookingid": 351
    },
    {
        "bookingid": 447
    },
    {
        "bookingid": 43
    },
    {
        "bookingid": 662
    },
    {
        "bookingid": 249
    },
    {
        "bookingid": 380
    },
    {
        "bookingid": 563
    },
    {
        "bookingid": 649
    },
    {
        "bookingid": 8
    },
    {
        "bookingid": 389
    },
    {
        "bookingid": 906
    },
    {
        "bookingid": 75
    },
    {
        "bookingid": 104
    },
    {
        "bookingid": 237
    },
    {
        "bookingid": 637
    },
    {
        "bookingid": 582
    },
    {
        "bookingid": 109
    },
    {
        "bookingid": 894
    },
    {
        "bookingid": 568
    },
    {
        "bookingid": 716
    },
    {
        "bookingid": 549
    },
    {
        "bookingid": 545
    },
    {
        "bookingid": 484
    },
    {
        "bookingid": 650
    },
    {
        "bookingid": 757
    },
    {
        "bookingid": 676
    },
    {
        "bookingid": 48
    },
    {
        "bookingid": 297
    },
    {
        "bookingid": 848
    },
    {
        "bookingid": 356
    },
    {
        "bookingid": 941
    },
    {
        "bookingid": 420
    },
    {
        "bookingid": 418
    },
    {
        "bookingid": 312
    },
    {
        "bookingid": 562
    },
    {
        "bookingid": 489
    },
    {
        "bookingid": 899
    },
    {
        "bookingid": 695
    },
    {
        "bookingid": 945
    },
    {
        "bookingid": 227
    },
    {
        "bookingid": 47
    },
    {
        "bookingid": 619
    },
    {
        "bookingid": 184
    },
    {
        "bookingid": 887
    },
    {
        "bookingid": 820
    },
    {
        "bookingid": 796
    },
    {
        "bookingid": 522
    },
    {
        "bookingid": 262
    },
    {
        "bookingid": 694
    },
    {
        "bookingid": 390
    },
    {
        "bookingid": 490
    },
    {
        "bookingid": 697
    },
    {
        "bookingid": 577
    },
    {
        "bookingid": 554
    },
    {
        "bookingid": 962
    },
    {
        "bookingid": 67
    },
    {
        "bookingid": 85
    },
    {
        "bookingid": 581
    },
    {
        "bookingid": 280
    },
    {
        "bookingid": 124
    },
    {
        "bookingid": 865
    },
    {
        "bookingid": 647
    },
    {
        "bookingid": 100
    },
    {
        "bookingid": 248
    },
    {
        "bookingid": 352
    },
    {
        "bookingid": 653
    },
    {
        "bookingid": 969
    },
    {
        "bookingid": 153
    },
    {
        "bookingid": 819
    },
    {
        "bookingid": 36
    },
    {
        "bookingid": 424
    },
    {
        "bookingid": 245
    },
    {
        "bookingid": 317
    },
    {
        "bookingid": 375
    },
    {
        "bookingid": 972
    },
    {
        "bookingid": 959
    },
    {
        "bookingid": 900
    },
    {
        "bookingid": 627
    },
    {
        "bookingid": 993
    },
    {
        "bookingid": 838
    },
    {
        "bookingid": 483
    },
    {
        "bookingid": 525
    },
    {
        "bookingid": 305
    },
    {
        "bookingid": 670
    },
    {
        "bookingid": 857
    },
    {
        "bookingid": 362
    },
    {
        "bookingid": 527
    },
    {
        "bookingid": 491
    },
    {
        "bookingid": 477
    },
    {
        "bookingid": 874
    },
    {
        "bookingid": 575
    },
    {
        "bookingid": 540
    },
    {
        "bookingid": 200
    },
    {
        "bookingid": 136
    },
    {
        "bookingid": 546
    },
    {
        "bookingid": 468
    },
    {
        "bookingid": 82
    },
    {
        "bookingid": 798
    },
    {
        "bookingid": 121
    },
    {
        "bookingid": 437
    },
    {
        "bookingid": 614
    },
    {
        "bookingid": 279
    },
    {
        "bookingid": 953
    },
    {
        "bookingid": 66
    },
    {
        "bookingid": 717
    },
    {
        "bookingid": 19
    },
    {
        "bookingid": 638
    },
    {
        "bookingid": 11
    },
    {
        "bookingid": 436
    },
    {
        "bookingid": 804
    },
    {
        "bookingid": 283
    },
    {
        "bookingid": 579
    },
    {
        "bookingid": 773
    },
    {
        "bookingid": 478
    },
    {
        "bookingid": 492
    },
    {
        "bookingid": 500
    },
    {
        "bookingid": 417
    },
    {
        "bookingid": 514
    },
    {
        "bookingid": 978
    },
    {
        "bookingid": 241
    },
    {
        "bookingid": 450
    },
    {
        "bookingid": 688
    },
    {
        "bookingid": 37
    },
    {
        "bookingid": 381
    },
    {
        "bookingid": 3
    },
    {
        "bookingid": 869
    },
    {
        "bookingid": 107
    },
    {
        "bookingid": 599
    },
    {
        "bookingid": 238
    },
    {
        "bookingid": 240
    },
    {
        "bookingid": 891
    },
    {
        "bookingid": 271
    },
    {
        "bookingid": 850
    },
    {
        "bookingid": 590
    },
    {
        "bookingid": 983
    },
    {
        "bookingid": 377
    },
    {
        "bookingid": 740
    },
    {
        "bookingid": 16
    },
    {
        "bookingid": 918
    },
    {
        "bookingid": 968
    },
    {
        "bookingid": 526
    },
    {
        "bookingid": 777
    },
    {
        "bookingid": 812
    },
    {
        "bookingid": 893
    },
    {
        "bookingid": 328
    },
    {
        "bookingid": 841
    },
    {
        "bookingid": 369
    },
    {
        "bookingid": 201
    },
    {
        "bookingid": 5
    },
    {
        "bookingid": 195
    },
    {
        "bookingid": 118
    },
    {
        "bookingid": 905
    },
    {
        "bookingid": 441
    },
    {
        "bookingid": 516
    },
    {
        "bookingid": 291
    },
    {
        "bookingid": 96
    },
    {
        "bookingid": 230
    },
    {
        "bookingid": 222
    },
    {
        "bookingid": 340
    },
    {
        "bookingid": 7
    },
    {
        "bookingid": 163
    },
    {
        "bookingid": 836
    },
    {
        "bookingid": 550
    },
    {
        "bookingid": 479
    },
    {
        "bookingid": 24
    },
    {
        "bookingid": 146
    },
    {
        "bookingid": 105
    },
    {
        "bookingid": 345
    },
    {
        "bookingid": 576
    },
    {
        "bookingid": 895
    },
    {
        "bookingid": 593
    },
    {
        "bookingid": 188
    },
    {
        "bookingid": 122
    },
    {
        "bookingid": 129
    },
    {
        "bookingid": 323
    },
    {
        "bookingid": 769
    },
    {
        "bookingid": 633
    },
    {
        "bookingid": 818
    },
    {
        "bookingid": 26
    },
    {
        "bookingid": 269
    },
    {
        "bookingid": 166
    },
    {
        "bookingid": 354
    },
    {
        "bookingid": 667
    },
    {
        "bookingid": 403
    },
    {
        "bookingid": 886
    },
    {
        "bookingid": 846
    },
    {
        "bookingid": 56
    },
    {
        "bookingid": 929
    },
    {
        "bookingid": 189
    },
    {
        "bookingid": 535
    },
    {
        "bookingid": 963
    },
    {
        "bookingid": 882
    },
    {
        "bookingid": 989
    },
    {
        "bookingid": 458
    },
    {
        "bookingid": 226
    },
    {
        "bookingid": 975
    },
    {
        "bookingid": 325
    },
    {
        "bookingid": 253
    },
    {
        "bookingid": 206
    },
    {
        "bookingid": 534
    },
    {
        "bookingid": 559
    },
    {
        "bookingid": 31
    },
    {
        "bookingid": 977
    },
    {
        "bookingid": 199
    },
    {
        "bookingid": 589
    },
    {
        "bookingid": 607
    },
    {
        "bookingid": 470
    },
    {
        "bookingid": 145
    },
    {
        "bookingid": 9
    },
    {
        "bookingid": 778
    },
    {
        "bookingid": 13
    },
    {
        "bookingid": 791
    },
    {
        "bookingid": 393
    },
    {
        "bookingid": 720
    },
    {
        "bookingid": 290
    },
    {
        "bookingid": 131
    },
    {
        "bookingid": 406
    },
    {
        "bookingid": 177
    },
    {
        "bookingid": 247
    },
    {
        "bookingid": 996
    },
    {
        "bookingid": 954
    },
    {
        "bookingid": 176
    },
    {
        "bookingid": 318
    },
    {
        "bookingid": 449
    },
    {
        "bookingid": 999
    },
    {
        "bookingid": 810
    },
    {
        "bookingid": 224
    },
    {
        "bookingid": 277
    },
    {
        "bookingid": 135
    },
    {
        "bookingid": 21
    },
    {
        "bookingid": 358
    },
    {
        "bookingid": 960
    },
    {
        "bookingid": 991
    },
    {
        "bookingid": 866
    },
    {
        "bookingid": 404
    },
    {
        "bookingid": 257
    },
    {
        "bookingid": 591
    },
    {
        "bookingid": 167
    },
    {
        "bookingid": 715
    },
    {
        "bookingid": 620
    },
    {
        "bookingid": 924
    },
    {
        "bookingid": 733
    },
    {
        "bookingid": 641
    },
    {
        "bookingid": 564
    },
    {
        "bookingid": 955
    },
    {
        "bookingid": 74
    },
    {
        "bookingid": 705
    },
    {
        "bookingid": 127
    },
    {
        "bookingid": 366
    },
    {
        "bookingid": 314
    },
    {
        "bookingid": 258
    },
    {
        "bookingid": 408
    },
    {
        "bookingid": 504
    },
    {
        "bookingid": 440
    },
    {
        "bookingid": 708
    },
    {
        "bookingid": 799
    },
    {
        "bookingid": 880
    },
    {
        "bookingid": 703
    },
    {
        "bookingid": 355
    },
    {
        "bookingid": 864
    },
    {
        "bookingid": 881
    },
    {
        "bookingid": 829
    },
    {
        "bookingid": 536
    },
    {
        "bookingid": 732
    },
    {
        "bookingid": 543
    },
    {
        "bookingid": 726
    },
    {
        "bookingid": 822
    },
    {
        "bookingid": 623
    },
    {
        "bookingid": 298
    },
    {
        "bookingid": 431
    },
    {
        "bookingid": 604
    },
    {
        "bookingid": 278
    },
    {
        "bookingid": 811
    },
    {
        "bookingid": 878
    },
    {
        "bookingid": 97
    },
    {
        "bookingid": 311
    },
    {
        "bookingid": 397
    },
    {
        "bookingid": 89
    },
    {
        "bookingid": 400
    },
    {
        "bookingid": 635
    },
    {
        "bookingid": 459
    },
    {
        "bookingid": 155
    },
    {
        "bookingid": 754
    },
    {
        "bookingid": 78
    },
    {
        "bookingid": 160
    },
    {
        "bookingid": 139
    },
    {
        "bookingid": 863
    },
    {
        "bookingid": 735
    },
    {
        "bookingid": 292
    },
    {
        "bookingid": 461
    },
    {
        "bookingid": 236
    },
    {
        "bookingid": 603
    },
    {
        "bookingid": 333
    },
    {
        "bookingid": 872
    },
    {
        "bookingid": 704
    },
    {
        "bookingid": 435
    },
    {
        "bookingid": 44
    },
    {
        "bookingid": 602
    },
    {
        "bookingid": 234
    },
    {
        "bookingid": 285
    },
    {
        "bookingid": 974
    },
    {
        "bookingid": 795
    },
    {
        "bookingid": 509
    },
    {
        "bookingid": 281
    },
    {
        "bookingid": 379
    },
    {
        "bookingid": 18
    },
    {
        "bookingid": 125
    },
    {
        "bookingid": 50
    },
    {
        "bookingid": 884
    },
    {
        "bookingid": 211
    },
    {
        "bookingid": 1000
    },
    {
        "bookingid": 430
    },
    {
        "bookingid": 335
    },
    {
        "bookingid": 346
    },
    {
        "bookingid": 569
    },
    {
        "bookingid": 926
    },
    {
        "bookingid": 639
    },
    {
        "bookingid": 849
    },
    {
        "bookingid": 691
    },
    {
        "bookingid": 221
    },
    {
        "bookingid": 32
    },
    {
        "bookingid": 72
    },
    {
        "bookingid": 169
    },
    {
        "bookingid": 674
    },
    {
        "bookingid": 885
    },
    {
        "bookingid": 936
    },
    {
        "bookingid": 938
    },
    {
        "bookingid": 571
    },
    {
        "bookingid": 784
    },
    {
        "bookingid": 632
    },
    {
        "bookingid": 69
    },
    {
        "bookingid": 785
    },
    {
        "bookingid": 766
    },
    {
        "bookingid": 156
    },
    {
        "bookingid": 961
    },
    {
        "bookingid": 6
    },
    {
        "bookingid": 910
    },
    {
        "bookingid": 272
    },
    {
        "bookingid": 745
    },
    {
        "bookingid": 180
    },
    {
        "bookingid": 321
    },
    {
        "bookingid": 426
    },
    {
        "bookingid": 334
    },
    {
        "bookingid": 212
    },
    {
        "bookingid": 940
    },
    {
        "bookingid": 815
    },
    {
        "bookingid": 465
    },
    {
        "bookingid": 965
    },
    {
        "bookingid": 854
    },
    {
        "bookingid": 444
    },
    {
        "bookingid": 609
    },
    {
        "bookingid": 538
    },
    {
        "bookingid": 551
    },
    {
        "bookingid": 742
    },
    {
        "bookingid": 141
    },
    {
        "bookingid": 692
    },
    {
        "bookingid": 930
    },
    {
        "bookingid": 565
    },
    {
        "bookingid": 10
    },
    {
        "bookingid": 772
    },
    {
        "bookingid": 807
    },
    {
        "bookingid": 304
    },
    {
        "bookingid": 595
    },
    {
        "bookingid": 443
    },
    {
        "bookingid": 263
    },
    {
        "bookingid": 724
    },
    {
        "bookingid": 610
    },
    {
        "bookingid": 378
    },
    {
        "bookingid": 45
    },
    {
        "bookingid": 116
    },
    {
        "bookingid": 474
    },
    {
        "bookingid": 675
    },
    {
        "bookingid": 995
    },
    {
        "bookingid": 787
    },
    {
        "bookingid": 28
    },
    {
        "bookingid": 997
    },
    {
        "bookingid": 870
    },
    {
        "bookingid": 363
    },
    {
        "bookingid": 923
    },
    {
        "bookingid": 266
    },
    {
        "bookingid": 723
    },
    {
        "bookingid": 84
    },
    {
        "bookingid": 38
    },
    {
        "bookingid": 198
    },
    {
        "bookingid": 537
    },
    {
        "bookingid": 29
    },
    {
        "bookingid": 294
    },
    {
        "bookingid": 386
    },
    {
        "bookingid": 628
    },
    {
        "bookingid": 46
    },
    {
        "bookingid": 497
    },
    {
        "bookingid": 971
    },
    {
        "bookingid": 909
    },
    {
        "bookingid": 541
    },
    {
        "bookingid": 584
    },
    {
        "bookingid": 710
    },
    {
        "bookingid": 387
    },
    {
        "bookingid": 367
    },
    {
        "bookingid": 110
    },
    {
        "bookingid": 749
    },
    {
        "bookingid": 515
    },
    {
        "bookingid": 806
    },
    {
        "bookingid": 932
    },
    {
        "bookingid": 396
    },
    {
        "bookingid": 531
    },
    {
        "bookingid": 61
    },
    {
        "bookingid": 763
    },
    {
        "bookingid": 133
    },
    {
        "bookingid": 55
    },
    {
        "bookingid": 410
    },
    {
        "bookingid": 824
    },
    {
        "bookingid": 23
    },
    {
        "bookingid": 689
    },
    {
        "bookingid": 855
    },
    {
        "bookingid": 737
    },
    {
        "bookingid": 319
    },
    {
        "bookingid": 103
    },
    {
        "bookingid": 142
    },
    {
        "bookingid": 985
    },
    {
        "bookingid": 520
    },
    {
        "bookingid": 179
    },
    {
        "bookingid": 218
    },
    {
        "bookingid": 661
    },
    {
        "bookingid": 743
    },
    {
        "bookingid": 828
    },
    {
        "bookingid": 73
    },
    {
        "bookingid": 498
    },
    {
        "bookingid": 677
    },
    {
        "bookingid": 181
    },
    {
        "bookingid": 533
    },
    {
        "bookingid": 621
    },
    {
        "bookingid": 596
    },
    {
        "bookingid": 190
    },
    {
        "bookingid": 213
    },
    {
        "bookingid": 310
    },
    {
        "bookingid": 407
    },
    {
        "bookingid": 758
    },
    {
        "bookingid": 612
    },
    {
        "bookingid": 51
    },
    {
        "bookingid": 453
    },
    {
        "bookingid": 395
    },
    {
        "bookingid": 721
    },
    {
        "bookingid": 445
    },
    {
        "bookingid": 682
    },
    {
        "bookingid": 935
    },
    {
        "bookingid": 94
    },
    {
        "bookingid": 907
    },
    {
        "bookingid": 560
    },
    {
        "bookingid": 513
    },
    {
        "bookingid": 342
    },
    {
        "bookingid": 951
    },
    {
        "bookingid": 713
    },
    {
        "bookingid": 510
    },
    {
        "bookingid": 463
    },
    {
        "bookingid": 320
    },
    {
        "bookingid": 617
    },
    {
        "bookingid": 699
    },
    {
        "bookingid": 17
    },
    {
        "bookingid": 770
    },
    {
        "bookingid": 519
    },
    {
        "bookingid": 172
    },
    {
        "bookingid": 503
    },
    {
        "bookingid": 712
    },
    {
        "bookingid": 789
    },
    {
        "bookingid": 605
    },
    {
        "bookingid": 858
    },
    {
        "bookingid": 912
    },
    {
        "bookingid": 984
    },
    {
        "bookingid": 488
    },
    {
        "bookingid": 702
    },
    {
        "bookingid": 87
    },
    {
        "bookingid": 79
    },
    {
        "bookingid": 797
    },
    {
        "bookingid": 879
    },
    {
        "bookingid": 365
    },
    {
        "bookingid": 482
    },
    {
        "bookingid": 761
    },
    {
        "bookingid": 654
    },
    {
        "bookingid": 434
    },
    {
        "bookingid": 801
    },
    {
        "bookingid": 273
    },
    {
        "bookingid": 54
    },
    {
        "bookingid": 831
    },
    {
        "bookingid": 348
    },
    {
        "bookingid": 844
    },
    {
        "bookingid": 709
    },
    {
        "bookingid": 370
    },
    {
        "bookingid": 746
    },
    {
        "bookingid": 454
    },
    {
        "bookingid": 860
    },
    {
        "bookingid": 700
    },
    {
        "bookingid": 58
    },
    {
        "bookingid": 383
    },
    {
        "bookingid": 119
    },
    {
        "bookingid": 53
    },
    {
        "bookingid": 645
    },
    {
        "bookingid": 925
    },
    {
        "bookingid": 374
    },
    {
        "bookingid": 950
    },
    {
        "bookingid": 301
    },
    {
        "bookingid": 476
    },
    {
        "bookingid": 232
    },
    {
        "bookingid": 34
    },
    {
        "bookingid": 27
    },
    {
        "bookingid": 792
    },
    {
        "bookingid": 890
    },
    {
        "bookingid": 990
    },
    {
        "bookingid": 187
    },
    {
        "bookingid": 174
    },
    {
        "bookingid": 452
    },
    {
        "bookingid": 873
    },
    {
        "bookingid": 775
    },
    {
        "bookingid": 903
    },
    {
        "bookingid": 344
    },
    {
        "bookingid": 112
    },
    {
        "bookingid": 548
    },
    {
        "bookingid": 60
    }
]
HTTP/1.1 200 OK
[
    {
        "bookingid": 615
    },
    {
        "bookingid": 161
    },
    {
        "bookingid": 307
    },
    {
        "bookingid": 210
    },
    {
        "bookingid": 39
    },
    {
        "bookingid": 629
    },
    {
        "bookingid": 668
    },
    {
        "bookingid": 835
    },
    {
        "bookingid": 414
    },
    {
        "bookingid": 33
    },
    {
        "bookingid": 601
    },
    {
        "bookingid": 462
    },
    {
        "bookingid": 570
    },
    {
        "bookingid": 956
    },
    {
        "bookingid": 808
    },
    {
        "bookingid": 81
    },
    {
        "bookingid": 897
    },
    {
        "bookingid": 259
    },
    {
        "bookingid": 415
    },
    {
        "bookingid": 916
    },
    {
        "bookingid": 151
    },
    {
        "bookingid": 455
    },
    {
        "bookingid": 814
    },
    {
        "bookingid": 95
    },
    {
        "bookingid": 194
    },
    {
        "bookingid": 669
    },
    {
        "bookingid": 469
    },
    {
        "bookingid": 506
    },
    {
        "bookingid": 339
    },
    {
        "bookingid": 256
    },
    {
        "bookingid": 687
    },
    {
        "bookingid": 852
    },
    {
        "bookingid": 859
    },
    {
        "bookingid": 666
    },
    {
        "bookingid": 839
    },
    {
        "bookingid": 242
    },
    {
        "bookingid": 524
    },
    {
        "bookingid": 547
    },
    {
        "bookingid": 914
    },
    {
        "bookingid": 752
    },
    {
        "bookingid": 898
    },
    {
        "bookingid": 780
    },
    {
        "bookingid": 655
    },
    {
        "bookingid": 429
    },
    {
        "bookingid": 585
    },
    {
        "bookingid": 114
    },
    {
        "bookingid": 725
    },
    {
        "bookingid": 917
    },
    {
        "bookingid": 979
    },
    {
        "bookingid": 421
    },
    {
        "bookingid": 512
    },
    {
        "bookingid": 659
    },
    {
        "bookingid": 976
    },
    {
        "bookingid": 22
    },
    {
        "bookingid": 329
    },
    {
        "bookingid": 618
    },
    {
        "bookingid": 586
    },
    {
        "bookingid": 665
    },
    {
        "bookingid": 574
    },
    {
        "bookingid": 485
    },
    {
        "bookingid": 834
    },
    {
        "bookingid": 1
    },
    {
        "bookingid": 173
    },
    {
        "bookingid": 764
    },
    {
        "bookingid": 466
    },
    {
        "bookingid": 768
    },
    {
        "bookingid": 966
    },
    {
        "bookingid": 368
    },
    {
        "bookingid": 123
    },
    {
        "bookingid": 148
    },
    {
        "bookingid": 4
    },
    {
        "bookingid": 736
    },
    {
        "bookingid": 41
    },
    {
        "bookingid": 499
    },
    {
        "bookingid": 423
    },
    {
        "bookingid": 196
    },
    {
        "bookingid": 555
    },
    {
        "bookingid": 681
    },
    {
        "bookingid": 931
    },
    {
        "bookingid": 296
    },
    {
        "bookingid": 946
    },
    {
        "bookingid": 168
    },
    {
        "bookingid": 57
    },
    {
        "bookingid": 140
    },
    {
        "bookingid": 289
    },
    {
        "bookingid": 748
    },
    {
        "bookingid": 656
    },
    {
        "bookingid": 152
    },
    {
        "bookingid": 783
    },
    {
        "bookingid": 530
    },
    {
        "bookingid": 264
    },
    {
        "bookingid": 162
    },
    {
        "bookingid": 597
    },
    {
        "bookingid": 193
    },
    {
        "bookingid": 147
    },
    {
        "bookingid": 286
    },
    {
        "bookingid": 12
    },
    {
        "bookingid": 205
    },
    {
        "bookingid": 70
    },
    {
        "bookingid": 371
    },
    {
        "bookingid": 987
    },
    {
        "bookingid": 557
    },
    {
        "bookingid": 219
    },
    {
        "bookingid": 268
    },
    {
        "bookingid": 111
    },
    {
        "bookingid": 62
    },
    {
        "bookingid": 660
    },
    {
        "bookingid": 101
    },
    {
        "bookingid": 644
    },
    {
        "bookingid": 803
    },
    {
        "bookingid": 52
    },
    {
        "bookingid": 413
    },
    {
        "bookingid": 944
    },
    {
        "bookingid": 343
    },
    {
        "bookingid": 20
    },
    {
        "bookingid": 939
    },
    {
        "bookingid": 92
    },
    {
        "bookingid": 920
    },
    {
        "bookingid": 728
    },
    {
        "bookingid": 306
    },
    {
        "bookingid": 208
    },
    {
        "bookingid": 2
    },
    {
        "bookingid": 915
    },
    {
        "bookingid": 113
    },
    {
        "bookingid": 399
    },
    {
        "bookingid": 332
    },
    {
        "bookingid": 833
    },
    {
        "bookingid": 302
    },
    {
        "bookingid": 505
    },
    {
        "bookingid": 391
    },
    {
        "bookingid": 751
    },
    {
        "bookingid": 14
    },
    {
        "bookingid": 493
    },
    {
        "bookingid": 626
    },
    {
        "bookingid": 825
    },
    {
        "bookingid": 336
    },
    {
        "bookingid": 739
    },
    {
        "bookingid": 313
    },
    {
        "bookingid": 134
    },
    {
        "bookingid": 753
    },
    {
        "bookingid": 727
    },
    {
        "bookingid": 680
    },
    {
        "bookingid": 88
    },
    {
        "bookingid": 359
    },
    {
        "bookingid": 779
    },
    {
        "bookingid": 64
    },
    {
        "bookingid": 826
    },
    {
        "bookingid": 843
    },
    {
        "bookingid": 209
    },
    {
        "bookingid": 42
    },
    {
        "bookingid": 217
    },
    {
        "bookingid": 275
    },
    {
        "bookingid": 287
    },
    {
        "bookingid": 202
    },
    {
        "bookingid": 648
    },
    {
        "bookingid": 683
    },
    {
        "bookingid": 760
    },
    {
        "bookingid": 686
    },
    {
        "bookingid": 361
    },
    {
        "bookingid": 251
    },
    {
        "bookingid": 636
    },
    {
        "bookingid": 451
    },
    {
        "bookingid": 15
    },
    {
        "bookingid": 90
    },
    {
        "bookingid": 233
    },
    {
        "bookingid": 228
    },
    {
        "bookingid": 30
    },
    {
        "bookingid": 326
    },
    {
        "bookingid": 154
    },
    {
        "bookingid": 947
    },
    {
        "bookingid": 875
    },
    {
        "bookingid": 625
    },
    {
        "bookingid": 794
    },
    {
        "bookingid": 714
    },
    {
        "bookingid": 402
    },
    {
        "bookingid": 473
    },
    {
        "bookingid": 254
    },
    {
        "bookingid": 561
    },
    {
        "bookingid": 428
    },
    {
        "bookingid": 185
    },
    {
        "bookingid": 351
    },
    {
        "bookingid": 447
    },
    {
        "bookingid": 43
    },
    {
        "bookingid": 662
    },
    {
        "bookingid": 249
    },
    {
        "bookingid": 380
    },
    {
        "bookingid": 563
    },
    {
        "bookingid": 649
    },
    {
        "bookingid": 8
    },
    {
        "bookingid": 389
    },
    {
        "bookingid": 906
    },
    {
        "bookingid": 75
    },
    {
        "bookingid": 104
    },
    {
        "bookingid": 237
    },
    {
        "bookingid": 637
    },
    {
        "bookingid": 582
    },
    {
        "bookingid": 109
    },
    {
        "bookingid": 894
    },
    {
        "bookingid": 568
    },
    {
        "bookingid": 716
    },
    {
        "bookingid": 549
    },
    {
        "bookingid": 545
    },
    {
        "bookingid": 484
    },
    {
        "bookingid": 650
    },
    {
        "bookingid": 757
    },
    {
        "bookingid": 676
    },
    {
        "bookingid": 48
    },
    {
        "bookingid": 297
    },
    {
        "bookingid": 848
    },
    {
        "bookingid": 356
    },
    {
        "bookingid": 941
    },
    {
        "bookingid": 420
    },
    {
        "bookingid": 418
    },
    {
        "bookingid": 312
    },
    {
        "bookingid": 562
    },
    {
        "bookingid": 489
    },
    {
        "bookingid": 899
    },
    {
        "bookingid": 695
    },
    {
        "bookingid": 945
    },
    {
        "bookingid": 227
    },
    {
        "bookingid": 47
    },
    {
        "bookingid": 619
    },
    {
        "bookingid": 184
    },
    {
        "bookingid": 887
    },
    {
        "bookingid": 820
    },
    {
        "bookingid": 796
    },
    {
        "bookingid": 522
    },
    {
        "bookingid": 262
    },
    {
        "bookingid": 694
    },
    {
        "bookingid": 390
    },
    {
        "bookingid": 490
    },
    {
        "bookingid": 697
    },
    {
        "bookingid": 577
    },
    {
        "bookingid": 554
    },
    {
        "bookingid": 962
    },
    {
        "bookingid": 67
    },
    {
        "bookingid": 85
    },
    {
        "bookingid": 581
    },
    {
        "bookingid": 280
    },
    {
        "bookingid": 124
    },
    {
        "bookingid": 865
    },
    {
        "bookingid": 647
    },
    {
        "bookingid": 100
    },
    {
        "bookingid": 248
    },
    {
        "bookingid": 352
    },
    {
        "bookingid": 653
    },
    {
        "bookingid": 969
    },
    {
        "bookingid": 153
    },
    {
        "bookingid": 819
    },
    {
        "bookingid": 36
    },
    {
        "bookingid": 424
    },
    {
        "bookingid": 245
    },
    {
        "bookingid": 317
    },
    {
        "bookingid": 375
    },
    {
        "bookingid": 972
    },
    {
        "bookingid": 959
    },
    {
        "bookingid": 900
    },
    {
        "bookingid": 627
    },
    {
        "bookingid": 993
    },
    {
        "bookingid": 838
    },
    {
        "bookingid": 483
    },
    {
        "bookingid": 525
    },
    {
        "bookingid": 305
    },
    {
        "bookingid": 670
    },
    {
        "bookingid": 857
    },
    {
        "bookingid": 362
    },
    {
        "bookingid": 527
    },
    {
        "bookingid": 491
    },
    {
        "bookingid": 477
    },
    {
        "bookingid": 874
    },
    {
        "bookingid": 575
    },
    {
        "bookingid": 540
    },
    {
        "bookingid": 200
    },
    {
        "bookingid": 136
    },
    {
        "bookingid": 546
    },
    {
        "bookingid": 468
    },
    {
        "bookingid": 82
    },
    {
        "bookingid": 798
    },
    {
        "bookingid": 121
    },
    {
        "bookingid": 437
    },
    {
        "bookingid": 614
    },
    {
        "bookingid": 279
    },
    {
        "bookingid": 953
    },
    {
        "bookingid": 66
    },
    {
        "bookingid": 717
    },
    {
        "bookingid": 19
    },
    {
        "bookingid": 638
    },
    {
        "bookingid": 11
    },
    {
        "bookingid": 436
    },
    {
        "bookingid": 804
    },
    {
        "bookingid": 283
    },
    {
        "bookingid": 579
    },
    {
        "bookingid": 773
    },
    {
        "bookingid": 478
    },
    {
        "bookingid": 492
    },
    {
        "bookingid": 500
    },
    {
        "bookingid": 417
    },
    {
        "bookingid": 514
    },
    {
        "bookingid": 978
    },
    {
        "bookingid": 241
    },
    {
        "bookingid": 450
    },
    {
        "bookingid": 688
    },
    {
        "bookingid": 37
    },
    {
        "bookingid": 381
    },
    {
        "bookingid": 3
    },
    {
        "bookingid": 869
    },
    {
        "bookingid": 107
    },
    {
        "bookingid": 599
    },
    {
        "bookingid": 238
    },
    {
        "bookingid": 240
    },
    {
        "bookingid": 891
    },
    {
        "bookingid": 271
    },
    {
        "bookingid": 850
    },
    {
        "bookingid": 590
    },
    {
        "bookingid": 983
    },
    {
        "bookingid": 377
    },
    {
        "bookingid": 740
    },
    {
        "bookingid": 16
    },
    {
        "bookingid": 918
    },
    {
        "bookingid": 968
    },
    {
        "bookingid": 526
    },
    {
        "bookingid": 777
    },
    {
        "bookingid": 812
    },
    {
        "bookingid": 893
    },
    {
        "bookingid": 328
    },
    {
        "bookingid": 841
    },
    {
        "bookingid": 369
    },
    {
        "bookingid": 201
    },
    {
        "bookingid": 5
    },
    {
        "bookingid": 195
    },
    {
        "bookingid": 118
    },
    {
        "bookingid": 905
    },
    {
        "bookingid": 441
    },
    {
        "bookingid": 516
    },
    {
        "bookingid": 291
    },
    {
        "bookingid": 96
    },
    {
        "bookingid": 230
    },
    {
        "bookingid": 222
    },
    {
        "bookingid": 340
    },
    {
        "bookingid": 7
    },
    {
        "bookingid": 163
    },
    {
        "bookingid": 836
    },
    {
        "bookingid": 550
    },
    {
        "bookingid": 479
    },
    {
        "bookingid": 24
    },
    {
        "bookingid": 146
    },
    {
        "bookingid": 105
    },
    {
        "bookingid": 345
    },
    {
        "bookingid": 576
    },
    {
        "bookingid": 895
    },
    {
        "bookingid": 593
    },
    {
        "bookingid": 188
    },
    {
        "bookingid": 122
    },
    {
        "bookingid": 129
    },
    {
        "bookingid": 323
    },
    {
        "bookingid": 769
    },
    {
        "bookingid": 633
    },
    {
        "bookingid": 818
    },
    {
        "bookingid": 26
    },
    {
        "bookingid": 269
    },
    {
        "bookingid": 166
    },
    {
        "bookingid": 354
    },
    {
        "bookingid": 667
    },
    {
        "bookingid": 403
    },
    {
        "bookingid": 886
    },
    {
        "bookingid": 846
    },
    {
        "bookingid": 56
    },
    {
        "bookingid": 929
    },
    {
        "bookingid": 189
    },
    {
        "bookingid": 535
    },
    {
        "bookingid": 963
    },
    {
        "bookingid": 882
    },
    {
        "bookingid": 989
    },
    {
        "bookingid": 458
    },
    {
        "bookingid": 226
    },
    {
        "bookingid": 975
    },
    {
        "bookingid": 325
    },
    {
        "bookingid": 253
    },
    {
        "bookingid": 206
    },
    {
        "bookingid": 534
    },
    {
        "bookingid": 559
    },
    {
        "bookingid": 31
    },
    {
        "bookingid": 977
    },
    {
        "bookingid": 199
    },
    {
        "bookingid": 589
    },
    {
        "bookingid": 607
    },
    {
        "bookingid": 470
    },
    {
        "bookingid": 145
    },
    {
        "bookingid": 9
    },
    {
        "bookingid": 778
    },
    {
        "bookingid": 13
    },
    {
        "bookingid": 791
    },
    {
        "bookingid": 393
    },
    {
        "bookingid": 720
    },
    {
        "bookingid": 290
    },
    {
        "bookingid": 131
    },
    {
        "bookingid": 406
    },
    {
        "bookingid": 177
    },
    {
        "bookingid": 247
    },
    {
        "bookingid": 996
    },
    {
        "bookingid": 954
    },
    {
        "bookingid": 176
    },
    {
        "bookingid": 318
    },
    {
        "bookingid": 449
    },
    {
        "bookingid": 999
    },
    {
        "bookingid": 810
    },
    {
        "bookingid": 224
    },
    {
        "bookingid": 277
    },
    {
        "bookingid": 135
    },
    {
        "bookingid": 21
    },
    {
        "bookingid": 358
    },
    {
        "bookingid": 960
    },
    {
        "bookingid": 991
    },
    {
        "bookingid": 866
    },
    {
        "bookingid": 404
    },
    {
        "bookingid": 257
    },
    {
        "bookingid": 591
    },
    {
        "bookingid": 167
    },
    {
        "bookingid": 715
    },
    {
        "bookingid": 620
    },
    {
        "bookingid": 924
    },
    {
        "bookingid": 733
    },
    {
        "bookingid": 641
    },
    {
        "bookingid": 564
    },
    {
        "bookingid": 955
    },
    {
        "bookingid": 74
    },
    {
        "bookingid": 705
    },
    {
        "bookingid": 127
    },
    {
        "bookingid": 366
    },
    {
        "bookingid": 314
    },
    {
        "bookingid": 258
    },
    {
        "bookingid": 408
    },
    {
        "bookingid": 504
    },
    {
        "bookingid": 440
    },
    {
        "bookingid": 708
    },
    {
        "bookingid": 799
    },
    {
        "bookingid": 880
    },
    {
        "bookingid": 703
    },
    {
        "bookingid": 355
    },
    {
        "bookingid": 864
    },
    {
        "bookingid": 881
    },
    {
        "bookingid": 829
    },
    {
        "bookingid": 536
    },
    {
        "bookingid": 732
    },
    {
        "bookingid": 543
    },
    {
        "bookingid": 726
    },
    {
        "bookingid": 822
    },
    {
        "bookingid": 623
    },
    {
        "bookingid": 298
    },
    {
        "bookingid": 431
    },
    {
        "bookingid": 604
    },
    {
        "bookingid": 278
    },
    {
        "bookingid": 811
    },
    {
        "bookingid": 878
    },
    {
        "bookingid": 97
    },
    {
        "bookingid": 311
    },
    {
        "bookingid": 397
    },
    {
        "bookingid": 89
    },
    {
        "bookingid": 400
    },
    {
        "bookingid": 635
    },
    {
        "bookingid": 459
    },
    {
        "bookingid": 155
    },
    {
        "bookingid": 754
    },
    {
        "bookingid": 78
    },
    {
        "bookingid": 160
    },
    {
        "bookingid": 139
    },
    {
        "bookingid": 863
    },
    {
        "bookingid": 735
    },
    {
        "bookingid": 292
    },
    {
        "bookingid": 461
    },
    {
        "bookingid": 236
    },
    {
        "bookingid": 603
    },
    {
        "bookingid": 333
    },
    {
        "bookingid": 872
    },
    {
        "bookingid": 704
    },
    {
        "bookingid": 435
    },
    {
        "bookingid": 44
    },
    {
        "bookingid": 602
    },
    {
        "bookingid": 234
    },
    {
        "bookingid": 285
    },
    {
        "bookingid": 974
    },
    {
        "bookingid": 795
    },
    {
        "bookingid": 509
    },
    {
        "bookingid": 281
    },
    {
        "bookingid": 379
    },
    {
        "bookingid": 18
    },
    {
        "bookingid": 125
    },
    {
        "bookingid": 50
    },
    {
        "bookingid": 884
    },
    {
        "bookingid": 211
    },
    {
        "bookingid": 1000
    },
    {
        "bookingid": 430
    },
    {
        "bookingid": 335
    },
    {
        "bookingid": 346
    },
    {
        "bookingid": 569
    },
    {
        "bookingid": 926
    },
    {
        "bookingid": 639
    },
    {
        "bookingid": 849
    },
    {
        "bookingid": 691
    },
    {
        "bookingid": 221
    },
    {
        "bookingid": 32
    },
    {
        "bookingid": 72
    },
    {
        "bookingid": 169
    },
    {
        "bookingid": 674
    },
    {
        "bookingid": 885
    },
    {
        "bookingid": 936
    },
    {
        "bookingid": 938
    },
    {
        "bookingid": 571
    },
    {
        "bookingid": 784
    },
    {
        "bookingid": 632
    },
    {
        "bookingid": 69
    },
    {
        "bookingid": 785
    },
    {
        "bookingid": 766
    },
    {
        "bookingid": 156
    },
    {
        "bookingid": 961
    },
    {
        "bookingid": 6
    },
    {
        "bookingid": 910
    },
    {
        "bookingid": 272
    },
    {
        "bookingid": 745
    },
    {
        "bookingid": 180
    },
    {
        "bookingid": 321
    },
    {
        "bookingid": 426
    },
    {
        "bookingid": 334
    },
    {
        "bookingid": 212
    },
    {
        "bookingid": 940
    },
    {
        "bookingid": 815
    },
    {
        "bookingid": 465
    },
    {
        "bookingid": 965
    },
    {
        "bookingid": 854
    },
    {
        "bookingid": 444
    },
    {
        "bookingid": 609
    },
    {
        "bookingid": 538
    },
    {
        "bookingid": 551
    },
    {
        "bookingid": 742
    },
    {
        "bookingid": 141
    },
    {
        "bookingid": 692
    },
    {
        "bookingid": 930
    },
    {
        "bookingid": 565
    },
    {
        "bookingid": 10
    },
    {
        "bookingid": 772
    },
    {
        "bookingid": 807
    },
    {
        "bookingid": 304
    },
    {
        "bookingid": 595
    },
    {
        "bookingid": 443
    },
    {
        "bookingid": 263
    },
    {
        "bookingid": 724
    },
    {
        "bookingid": 610
    },
    {
        "bookingid": 378
    },
    {
        "bookingid": 45
    },
    {
        "bookingid": 116
    },
    {
        "bookingid": 474
    },
    {
        "bookingid": 675
    },
    {
        "bookingid": 995
    },
    {
        "bookingid": 787
    },
    {
        "bookingid": 28
    },
    {
        "bookingid": 997
    },
    {
        "bookingid": 870
    },
    {
        "bookingid": 363
    },
    {
        "bookingid": 923
    },
    {
        "bookingid": 266
    },
    {
        "bookingid": 723
    },
    {
        "bookingid": 84
    },
    {
        "bookingid": 38
    },
    {
        "bookingid": 198
    },
    {
        "bookingid": 537
    },
    {
        "bookingid": 29
    },
    {
        "bookingid": 294
    },
    {
        "bookingid": 386
    },
    {
        "bookingid": 628
    },
    {
        "bookingid": 46
    },
    {
        "bookingid": 497
    },
    {
        "bookingid": 971
    },
    {
        "bookingid": 909
    },
    {
        "bookingid": 541
    },
    {
        "bookingid": 584
    },
    {
        "bookingid": 710
    },
    {
        "bookingid": 387
    },
    {
        "bookingid": 367
    },
    {
        "bookingid": 110
    },
    {
        "bookingid": 749
    },
    {
        "bookingid": 515
    },
    {
        "bookingid": 806
    },
    {
        "bookingid": 932
    },
    {
        "bookingid": 396
    },
    {
        "bookingid": 531
    },
    {
        "bookingid": 61
    },
    {
        "bookingid": 763
    },
    {
        "bookingid": 133
    },
    {
        "bookingid": 55
    },
    {
        "bookingid": 410
    },
    {
        "bookingid": 824
    },
    {
        "bookingid": 23
    },
    {
        "bookingid": 689
    },
    {
        "bookingid": 855
    },
    {
        "bookingid": 737
    },
    {
        "bookingid": 319
    },
    {
        "bookingid": 103
    },
    {
        "bookingid": 142
    },
    {
        "bookingid": 985
    },
    {
        "bookingid": 520
    },
    {
        "bookingid": 179
    },
    {
        "bookingid": 218
    },
    {
        "bookingid": 661
    },
    {
        "bookingid": 743
    },
    {
        "bookingid": 828
    },
    {
        "bookingid": 73
    },
    {
        "bookingid": 498
    },
    {
        "bookingid": 677
    },
    {
        "bookingid": 181
    },
    {
        "bookingid": 533
    },
    {
        "bookingid": 621
    },
    {
        "bookingid": 596
    },
    {
        "bookingid": 190
    },
    {
        "bookingid": 213
    },
    {
        "bookingid": 310
    },
    {
        "bookingid": 407
    },
    {
        "bookingid": 758
    },
    {
        "bookingid": 612
    },
    {
        "bookingid": 51
    },
    {
        "bookingid": 453
    },
    {
        "bookingid": 395
    },
    {
        "bookingid": 721
    },
    {
        "bookingid": 445
    },
    {
        "bookingid": 682
    },
    {
        "bookingid": 935
    },
    {
        "bookingid": 94
    },
    {
        "bookingid": 907
    },
    {
        "bookingid": 560
    },
    {
        "bookingid": 513
    },
    {
        "bookingid": 342
    },
    {
        "bookingid": 951
    },
    {
        "bookingid": 713
    },
    {
        "bookingid": 510
    },
    {
        "bookingid": 463
    },
    {
        "bookingid": 320
    },
    {
        "bookingid": 617
    },
    {
        "bookingid": 699
    },
    {
        "bookingid": 17
    },
    {
        "bookingid": 770
    },
    {
        "bookingid": 519
    },
    {
        "bookingid": 172
    },
    {
        "bookingid": 503
    },
    {
        "bookingid": 712
    },
    {
        "bookingid": 789
    },
    {
        "bookingid": 605
    },
    {
        "bookingid": 858
    },
    {
        "bookingid": 912
    },
    {
        "bookingid": 984
    },
    {
        "bookingid": 488
    },
    {
        "bookingid": 702
    },
    {
        "bookingid": 87
    },
    {
        "bookingid": 79
    },
    {
        "bookingid": 797
    },
    {
        "bookingid": 879
    },
    {
        "bookingid": 365
    },
    {
        "bookingid": 482
    },
    {
        "bookingid": 761
    },
    {
        "bookingid": 654
    },
    {
        "bookingid": 434
    },
    {
        "bookingid": 801
    },
    {
        "bookingid": 273
    },
    {
        "bookingid": 54
    },
    {
        "bookingid": 831
    },
    {
        "bookingid": 348
    },
    {
        "bookingid": 844
    },
    {
        "bookingid": 709
    },
    {
        "bookingid": 370
    },
    {
        "bookingid": 746
    },
    {
        "bookingid": 454
    },
    {
        "bookingid": 860
    },
    {
        "bookingid": 700
    },
    {
        "bookingid": 58
    },
    {
        "bookingid": 383
    },
    {
        "bookingid": 119
    },
    {
        "bookingid": 53
    },
    {
        "bookingid": 645
    },
    {
        "bookingid": 925
    },
    {
        "bookingid": 374
    },
    {
        "bookingid": 950
    },
    {
        "bookingid": 301
    },
    {
        "bookingid": 476
    },
    {
        "bookingid": 232
    },
    {
        "bookingid": 34
    },
    {
        "bookingid": 27
    },
    {
        "bookingid": 792
    },
    {
        "bookingid": 890
    },
    {
        "bookingid": 990
    },
    {
        "bookingid": 187
    },
    {
        "bookingid": 174
    },
    {
        "bookingid": 452
    },
    {
        "bookingid": 873
    },
    {
        "bookingid": 775
    },
    {
        "bookingid": 903
    },
    {
        "bookingid": 344
    },
    {
        "bookingid": 112
    },
    {
        "bookingid": 548
    },
    {
        "bookingid": 60
    }
]
HTTP/1.1 200 OK
[API] Status: 200
[
    {
        "bookingid": 615
    },
    {
        "bookingid": 161
    },
    {
        "bookingid": 307
    },
    {
        "bookingid": 210
    },
    {
        "bookingid": 39
    },
    {
        "bookingid": 629
    },
    {
        "bookingid": 668
    },
    {
        "bookingid": 835
    },
    {
        "bookingid": 414
    },
    {
        "bookingid": 33
    },
    {
        "bookingid": 601
    },
    {
        "bookingid": 462
    },
    {
        "bookingid": 570
    },
    {
        "bookingid": 956
    },
    {
        "bookingid": 808
    },
    {
        "bookingid": 81
    },
    {
        "bookingid": 897
    },
    {
        "bookingid": 259
    },
    {
        "bookingid": 415
    },
    {
        "bookingid": 916
    },
    {
        "bookingid": 151
    },
    {
        "bookingid": 455
    },
    {
        "bookingid": 814
    },
    {
        "bookingid": 95
    },
    {
        "bookingid": 194
    },
    {
        "bookingid": 669
    },
    {
        "bookingid": 469
    },
    {
        "bookingid": 506
    },
    {
        "bookingid": 339
    },
    {
        "bookingid": 256
    },
    {
        "bookingid": 687
    },
    {
        "bookingid": 852
    },
    {
        "bookingid": 859
    },
    {
        "bookingid": 666
    },
    {
        "bookingid": 839
    },
    {
        "bookingid": 242
    },
    {
        "bookingid": 524
    },
    {
        "bookingid": 547
    },
    {
        "bookingid": 914
    },
    {
        "bookingid": 752
    },
    {
        "bookingid": 898
    },
    {
        "bookingid": 780
    },
    {
        "bookingid": 655
    },
    {
        "bookingid": 429
    },
    {
        "bookingid": 585
    },
    {
        "bookingid": 114
    },
    {
        "bookingid": 725
    },
    {
        "bookingid": 917
    },
    {
        "bookingid": 979
    },
    {
        "bookingid": 421
    },
    {
        "bookingid": 512
    },
    {
        "bookingid": 659
    },
    {
        "bookingid": 976
    },
    {
        "bookingid": 22
    },
    {
        "bookingid": 329
    },
    {
        "bookingid": 618
    },
    {
        "bookingid": 586
    },
    {
        "bookingid": 665
    },
    {
        "bookingid": 574
    },
    {
        "bookingid": 485
    },
    {
        "bookingid": 834
    },
    {
        "bookingid": 1
    },
    {
        "bookingid": 173
    },
    {
        "bookingid": 764
    },
    {
        "bookingid": 466
    },
    {
        "bookingid": 768
    },
    {
        "bookingid": 966
    },
    {
        "bookingid": 368
    },
    {
        "bookingid": 123
    },
    {
        "bookingid": 148
    },
    {
        "bookingid": 4
    },
    {
        "bookingid": 736
    },
    {
        "bookingid": 41
    },
    {
        "bookingid": 499
    },
    {
        "bookingid": 423
    },
    {
        "bookingid": 196
    },
    {
        "bookingid": 555
    },
    {
        "bookingid": 681
    },
    {
        "bookingid": 931
    },
    {
        "bookingid": 296
    },
    {
        "bookingid": 946
    },
    {
        "bookingid": 168
    },
    {
        "bookingid": 57
    },
    {
        "bookingid": 140
    },
    {
        "bookingid": 289
    },
    {
        "bookingid": 748
    },
    {
        "bookingid": 656
    },
    {
        "bookingid": 152
    },
    {
        "bookingid": 783
    },
    {
        "bookingid": 530
    },
    {
        "bookingid": 264
    },
    {
        "bookingid": 162
    },
    {
        "bookingid": 597
    },
    {
        "bookingid": 193
    },
    {
        "bookingid": 147
    },
    {
        "bookingid": 286
    },
    {
        "bookingid": 12
    },
    {
        "bookingid": 205
    },
    {
        "bookingid": 70
    },
    {
        "bookingid": 371
    },
    {
        "bookingid": 987
    },
    {
        "bookingid": 557
    },
    {
        "bookingid": 219
    },
    {
        "bookingid": 268
    },
    {
        "bookingid": 111
    },
    {
        "bookingid": 62
    },
    {
        "bookingid": 660
    },
    {
        "bookingid": 101
    },
    {
        "bookingid": 644
    },
    {
        "bookingid": 803
    },
    {
        "bookingid": 52
    },
    {
        "bookingid": 413
    },
    {
        "bookingid": 944
    },
    {
        "bookingid": 343
    },
    {
        "bookingid": 20
    },
    {
        "bookingid": 939
    },
    {
        "bookingid": 92
    },
    {
        "bookingid": 920
    },
    {
        "bookingid": 728
    },
    {
        "bookingid": 306
    },
    {
        "bookingid": 208
    },
    {
        "bookingid": 2
    },
    {
        "bookingid": 915
    },
    {
        "bookingid": 113
    },
    {
        "bookingid": 399
    },
    {
        "bookingid": 332
    },
    {
        "bookingid": 833
    },
    {
        "bookingid": 302
    },
    {
        "bookingid": 505
    },
    {
        "bookingid": 391
    },
    {
        "bookingid": 751
    },
    {
        "bookingid": 14
    },
    {
        "bookingid": 493
    },
    {
        "bookingid": 626
    },
    {
        "bookingid": 825
    },
    {
        "bookingid": 336
    },
    {
        "bookingid": 739
    },
    {
        "bookingid": 313
    },
    {
        "bookingid": 134
    },
    {
        "bookingid": 753
    },
    {
        "bookingid": 727
    },
    {
        "bookingid": 680
    },
    {
        "bookingid": 88
    },
    {
        "bookingid": 359
    },
    {
        "bookingid": 779
    },
    {
        "bookingid": 64
    },
    {
        "bookingid": 826
    },
    {
        "bookingid": 843
    },
    {
        "bookingid": 209
    },
    {
        "bookingid": 42
    },
    {
        "bookingid": 217
    },
    {
        "bookingid": 275
    },
    {
        "bookingid": 287
    },
    {
        "bookingid": 202
    },
    {
        "bookingid": 648
    },
    {
        "bookingid": 683
    },
    {
        "bookingid": 760
    },
    {
        "bookingid": 686
    },
    {
        "bookingid": 361
    },
    {
        "bookingid": 251
    },
    {
        "bookingid": 636
    },
    {
        "bookingid": 451
    },
    {
        "bookingid": 15
    },
    {
        "bookingid": 90
    },
    {
        "bookingid": 233
    },
    {
        "bookingid": 228
    },
    {
        "bookingid": 30
    },
    {
        "bookingid": 326
    },
    {
        "bookingid": 154
    },
    {
        "bookingid": 947
    },
    {
        "bookingid": 875
    },
    {
        "bookingid": 625
    },
    {
        "bookingid": 794
    },
    {
        "bookingid": 714
    },
    {
        "bookingid": 402
    },
    {
        "bookingid": 473
    },
    {
        "bookingid": 254
    },
    {
        "bookingid": 561
    },
    {
        "bookingid": 428
    },
    {
        "bookingid": 185
    },
    {
        "bookingid": 351
    },
    {
        "bookingid": 447
    },
    {
        "bookingid": 43
    },
    {
        "bookingid": 662
    },
    {
        "bookingid": 249
    },
    {
        "bookingid": 380
    },
    {
        "bookingid": 563
    },
    {
        "bookingid": 649
    },
    {
        "bookingid": 8
    },
    {
        "bookingid": 389
    },
    {
        "bookingid": 906
    },
    {
        "bookingid": 75
    },
    {
        "bookingid": 104
    },
    {
        "bookingid": 237
    },
    {
        "bookingid": 637
    },
    {
        "bookingid": 582
    },
    {
        "bookingid": 109
    },
    {
        "bookingid": 894
    },
    {
        "bookingid": 568
    },
    {
        "bookingid": 716
    },
    {
        "bookingid": 549
    },
    {
        "bookingid": 545
    },
    {
        "bookingid": 484
    },
    {
        "bookingid": 650
    },
    {
        "bookingid": 757
    },
    {
        "bookingid": 676
    },
    {
        "bookingid": 48
    },
    {
        "bookingid": 297
    },
    {
        "bookingid": 848
    },
    {
        "bookingid": 356
    },
    {
        "bookingid": 941
    },
    {
        "bookingid": 420
    },
    {
        "bookingid": 418
    },
    {
        "bookingid": 312
    },
    {
        "bookingid": 562
    },
    {
        "bookingid": 489
    },
    {
        "bookingid": 899
    },
    {
        "bookingid": 695
    },
    {
        "bookingid": 945
    },
    {
        "bookingid": 227
    },
    {
        "bookingid": 47
    },
    {
        "bookingid": 619
    },
    {
        "bookingid": 184
    },
    {
        "bookingid": 887
    },
    {
        "bookingid": 820
    },
    {
        "bookingid": 796
    },
    {
        "bookingid": 522
    },
    {
        "bookingid": 262
    },
    {
        "bookingid": 694
    },
    {
        "bookingid": 390
    },
    {
        "bookingid": 490
    },
    {
        "bookingid": 697
    },
    {
        "bookingid": 577
    },
    {
        "bookingid": 554
    },
    {
        "bookingid": 962
    },
    {
        "bookingid": 67
    },
    {
        "bookingid": 85
    },
    {
        "bookingid": 581
    },
    {
        "bookingid": 280
    },
    {
        "bookingid": 124
    },
    {
        "bookingid": 865
    },
    {
        "bookingid": 647
    },
    {
        "bookingid": 100
    },
    {
        "bookingid": 248
    },
    {
        "bookingid": 352
    },
    {
        "bookingid": 653
    },
    {
        "bookingid": 969
    },
    {
        "bookingid": 153
    },
    {
        "bookingid": 819
    },
    {
        "bookingid": 36
    },
    {
        "bookingid": 424
    },
    {
        "bookingid": 245
    },
    {
        "bookingid": 317
    },
    {
        "bookingid": 375
    },
    {
        "bookingid": 972
    },
    {
        "bookingid": 959
    },
    {
        "bookingid": 900
    },
    {
        "bookingid": 627
    },
    {
        "bookingid": 993
    },
    {
        "bookingid": 838
    },
    {
        "bookingid": 483
    },
    {
        "bookingid": 525
    },
    {
        "bookingid": 305
    },
    {
        "bookingid": 670
    },
    {
        "bookingid": 857
    },
    {
        "bookingid": 362
    },
    {
        "bookingid": 527
    },
    {
        "bookingid": 491
    },
    {
        "bookingid": 477
    },
    {
        "bookingid": 874
    },
    {
        "bookingid": 575
    },
    {
        "bookingid": 540
    },
    {
        "bookingid": 200
    },
    {
        "bookingid": 136
    },
    {
        "bookingid": 546
    },
    {
        "bookingid": 468
    },
    {
        "bookingid": 82
    },
    {
        "bookingid": 798
    },
    {
        "bookingid": 121
    },
    {
        "bookingid": 437
    },
    {
        "bookingid": 614
    },
    {
        "bookingid": 279
    },
    {
        "bookingid": 953
    },
    {
        "bookingid": 66
    },
    {
        "bookingid": 717
    },
    {
        "bookingid": 19
    },
    {
        "bookingid": 638
    },
    {
        "bookingid": 11
    },
    {
        "bookingid": 436
    },
    {
        "bookingid": 804
    },
    {
        "bookingid": 283
    },
    {
        "bookingid": 579
    },
    {
        "bookingid": 773
    },
    {
        "bookingid": 478
    },
    {
        "bookingid": 492
    },
    {
        "bookingid": 500
    },
    {
        "bookingid": 417
    },
    {
        "bookingid": 514
    },
    {
        "bookingid": 978
    },
    {
        "bookingid": 241
    },
    {
        "bookingid": 450
    },
    {
        "bookingid": 688
    },
    {
        "bookingid": 37
    },
    {
        "bookingid": 381
    },
    {
        "bookingid": 3
    },
    {
        "bookingid": 869
    },
    {
        "bookingid": 107
    },
    {
        "bookingid": 599
    },
    {
        "bookingid": 238
    },
    {
        "bookingid": 240
    },
    {
        "bookingid": 891
    },
    {
        "bookingid": 271
    },
    {
        "bookingid": 850
    },
    {
        "bookingid": 590
    },
    {
        "bookingid": 983
    },
    {
        "bookingid": 377
    },
    {
        "bookingid": 740
    },
    {
        "bookingid": 16
    },
    {
        "bookingid": 918
    },
    {
        "bookingid": 968
    },
    {
        "bookingid": 526
    },
    {
        "bookingid": 777
    },
    {
        "bookingid": 812
    },
    {
        "bookingid": 893
    },
    {
        "bookingid": 328
    },
    {
        "bookingid": 841
    },
    {
        "bookingid": 369
    },
    {
        "bookingid": 201
    },
    {
        "bookingid": 5
    },
    {
        "bookingid": 195
    },
    {
        "bookingid": 118
    },
    {
        "bookingid": 905
    },
    {
        "bookingid": 441
    },
    {
        "bookingid": 516
    },
    {
        "bookingid": 291
    },
    {
        "bookingid": 96
    },
    {
        "bookingid": 230
    },
    {
        "bookingid": 222
    },
    {
        "bookingid": 340
    },
    {
        "bookingid": 7
    },
    {
        "bookingid": 163
    },
    {
        "bookingid": 836
    },
    {
        "bookingid": 550
    },
    {
        "bookingid": 479
    },
    {
        "bookingid": 24
    },
    {
        "bookingid": 146
    },
    {
        "bookingid": 105
    },
    {
        "bookingid": 345
    },
    {
        "bookingid": 576
    },
    {
        "bookingid": 895
    },
    {
        "bookingid": 593
    },
    {
        "bookingid": 188
    },
    {
        "bookingid": 122
    },
    {
        "bookingid": 129
    },
    {
        "bookingid": 323
    },
    {
        "bookingid": 769
    },
    {
        "bookingid": 633
    },
    {
        "bookingid": 818
    },
    {
        "bookingid": 26
    },
    {
        "bookingid": 269
    },
    {
        "bookingid": 166
    },
    {
        "bookingid": 354
    },
    {
        "bookingid": 667
    },
    {
        "bookingid": 403
    },
    {
        "bookingid": 886
    },
    {
        "bookingid": 846
    },
    {
        "bookingid": 56
    },
    {
        "bookingid": 929
    },
    {
        "bookingid": 189
    },
    {
        "bookingid": 535
    },
    {
        "bookingid": 963
    },
    {
        "bookingid": 882
    },
    {
        "bookingid": 989
    },
    {
        "bookingid": 458
    },
    {
        "bookingid": 226
    },
    {
        "bookingid": 975
    },
    {
        "bookingid": 325
    },
    {
        "bookingid": 253
    },
    {
        "bookingid": 206
    },
    {
        "bookingid": 534
    },
    {
        "bookingid": 559
    },
    {
        "bookingid": 31
    },
    {
        "bookingid": 977
    },
    {
        "bookingid": 199
    },
    {
        "bookingid": 589
    },
    {
        "bookingid": 607
    },
    {
        "bookingid": 470
    },
    {
        "bookingid": 145
    },
    {
        "bookingid": 9
    },
    {
        "bookingid": 778
    },
    {
        "bookingid": 13
    },
    {
        "bookingid": 791
    },
    {
        "bookingid": 393
    },
    {
        "bookingid": 720
    },
    {
        "bookingid": 290
    },
    {
        "bookingid": 131
    },
    {
        "bookingid": 406
    },
    {
        "bookingid": 177
    },
    {
        "bookingid": 247
    },
    {
        "bookingid": 996
    },
    {
        "bookingid": 954
    },
    {
        "bookingid": 176
    },
    {
        "bookingid": 318
    },
    {
        "bookingid": 449
    },
    {
        "bookingid": 999
    },
    {
        "bookingid": 810
    },
    {
        "bookingid": 224
    },
    {
        "bookingid": 277
    },
    {
        "bookingid": 135
    },
    {
        "bookingid": 21
    },
    {
        "bookingid": 358
    },
    {
        "bookingid": 960
    },
    {
        "bookingid": 991
    },
    {
        "bookingid": 866
    },
    {
        "bookingid": 404
    },
    {
        "bookingid": 257
    },
    {
        "bookingid": 591
    },
    {
        "bookingid": 167
    },
    {
        "bookingid": 715
    },
    {
        "bookingid": 620
    },
    {
        "bookingid": 924
    },
    {
        "bookingid": 733
    },
    {
        "bookingid": 641
    },
    {
        "bookingid": 564
    },
    {
        "bookingid": 955
    },
    {
        "bookingid": 74
    },
    {
        "bookingid": 705
    },
    {
        "bookingid": 127
    },
    {
        "bookingid": 366
    },
    {
        "bookingid": 314
    },
    {
        "bookingid": 258
    },
    {
        "bookingid": 408
    },
    {
        "bookingid": 504
    },
    {
        "bookingid": 440
    },
    {
        "bookingid": 708
    },
    {
        "bookingid": 799
    },
    {
        "bookingid": 880
    },
    {
        "bookingid": 703
    },
    {
        "bookingid": 355
    },
    {
        "bookingid": 864
    },
    {
        "bookingid": 881
    },
    {
        "bookingid": 829
    },
    {
        "bookingid": 536
    },
    {
        "bookingid": 732
    },
    {
        "bookingid": 543
    },
    {
        "bookingid": 726
    },
    {
        "bookingid": 822
    },
    {
        "bookingid": 623
    },
    {
        "bookingid": 298
    },
    {
        "bookingid": 431
    },
    {
        "bookingid": 604
    },
    {
        "bookingid": 278
    },
    {
        "bookingid": 811
    },
    {
        "bookingid": 878
    },
    {
        "bookingid": 97
    },
    {
        "bookingid": 311
    },
    {
        "bookingid": 397
    },
    {
        "bookingid": 89
    },
    {
        "bookingid": 400
    },
    {
        "bookingid": 635
    },
    {
        "bookingid": 459
    },
    {
        "bookingid": 155
    },
    {
        "bookingid": 754
    },
    {
        "bookingid": 78
    },
    {
        "bookingid": 160
    },
    {
        "bookingid": 139
    },
    {
        "bookingid": 863
    },
    {
        "bookingid": 735
    },
    {
        "bookingid": 292
    },
    {
        "bookingid": 461
    },
    {
        "bookingid": 236
    },
    {
        "bookingid": 603
    },
    {
        "bookingid": 333
    },
    {
        "bookingid": 872
    },
    {
        "bookingid": 704
    },
    {
        "bookingid": 435
    },
    {
        "bookingid": 44
    },
    {
        "bookingid": 602
    },
    {
        "bookingid": 234
    },
    {
        "bookingid": 285
    },
    {
        "bookingid": 974
    },
    {
        "bookingid": 795
    },
    {
        "bookingid": 509
    },
    {
        "bookingid": 281
    },
    {
        "bookingid": 379
    },
    {
        "bookingid": 18
    },
    {
        "bookingid": 125
    },
    {
        "bookingid": 50
    },
    {
        "bookingid": 884
    },
    {
        "bookingid": 211
    },
    {
        "bookingid": 1000
    },
    {
        "bookingid": 430
    },
    {
        "bookingid": 335
    },
    {
        "bookingid": 346
    },
    {
        "bookingid": 569
    },
    {
        "bookingid": 926
    },
    {
        "bookingid": 639
    },
    {
        "bookingid": 849
    },
    {
        "bookingid": 691
    },
    {
        "bookingid": 221
    },
    {
        "bookingid": 32
    },
    {
        "bookingid": 72
    },
    {
        "bookingid": 169
    },
    {
        "bookingid": 674
    },
    {
        "bookingid": 885
    },
    {
        "bookingid": 936
    },
    {
        "bookingid": 938
    },
    {
        "bookingid": 571
    },
    {
        "bookingid": 784
    },
    {
        "bookingid": 632
    },
    {
        "bookingid": 69
    },
    {
        "bookingid": 785
    },
    {
        "bookingid": 766
    },
    {
        "bookingid": 156
    },
    {
        "bookingid": 961
    },
    {
        "bookingid": 6
    },
    {
        "bookingid": 910
    },
    {
        "bookingid": 272
    },
    {
        "bookingid": 745
    },
    {
        "bookingid": 180
    },
    {
        "bookingid": 321
    },
    {
        "bookingid": 426
    },
    {
        "bookingid": 334
    },
    {
        "bookingid": 212
    },
    {
        "bookingid": 940
    },
    {
        "bookingid": 815
    },
    {
        "bookingid": 465
    },
    {
        "bookingid": 965
    },
    {
        "bookingid": 854
    },
    {
        "bookingid": 444
    },
    {
        "bookingid": 609
    },
    {
        "bookingid": 538
    },
    {
        "bookingid": 551
    },
    {
        "bookingid": 742
    },
    {
        "bookingid": 141
    },
    {
        "bookingid": 692
    },
    {
        "bookingid": 930
    },
    {
        "bookingid": 565
    },
    {
        "bookingid": 10
    },
    {
        "bookingid": 772
    },
    {
        "bookingid": 807
    },
    {
        "bookingid": 304
    },
    {
        "bookingid": 595
    },
    {
        "bookingid": 443
    },
    {
        "bookingid": 263
    },
    {
        "bookingid": 724
    },
    {
        "bookingid": 610
    },
    {
        "bookingid": 378
    },
    {
        "bookingid": 45
    },
    {
        "bookingid": 116
    },
    {
        "bookingid": 474
    },
    {
        "bookingid": 675
    },
    {
        "bookingid": 995
    },
    {
        "bookingid": 787
    },
    {
        "bookingid": 28
    },
    {
        "bookingid": 997
    },
    {
        "bookingid": 870
    },
    {
        "bookingid": 363
    },
    {
        "bookingid": 923
    },
    {
        "bookingid": 266
    },
    {
        "bookingid": 723
    },
    {
        "bookingid": 84
    },
    {
        "bookingid": 38
    },
    {
        "bookingid": 198
    },
    {
        "bookingid": 537
    },
    {
        "bookingid": 29
    },
    {
        "bookingid": 294
    },
    {
        "bookingid": 386
    },
    {
        "bookingid": 628
    },
    {
        "bookingid": 46
    },
    {
        "bookingid": 497
    },
    {
        "bookingid": 971
    },
    {
        "bookingid": 909
    },
    {
        "bookingid": 541
    },
    {
        "bookingid": 584
    },
    {
        "bookingid": 710
    },
    {
        "bookingid": 387
    },
    {
        "bookingid": 367
    },
    {
        "bookingid": 110
    },
    {
        "bookingid": 749
    },
    {
        "bookingid": 515
    },
    {
        "bookingid": 806
    },
    {
        "bookingid": 932
    },
    {
        "bookingid": 396
    },
    {
        "bookingid": 531
    },
    {
        "bookingid": 61
    },
    {
        "bookingid": 763
    },
    {
        "bookingid": 133
    },
    {
        "bookingid": 55
    },
    {
        "bookingid": 410
    },
    {
        "bookingid": 824
    },
    {
        "bookingid": 23
    },
    {
        "bookingid": 689
    },
    {
        "bookingid": 855
    },
    {
        "bookingid": 737
    },
    {
        "bookingid": 319
    },
    {
        "bookingid": 103
    },
    {
        "bookingid": 142
    },
    {
        "bookingid": 985
    },
    {
        "bookingid": 520
    },
    {
        "bookingid": 179
    },
    {
        "bookingid": 218
    },
    {
        "bookingid": 661
    },
    {
        "bookingid": 743
    },
    {
        "bookingid": 828
    },
    {
        "bookingid": 73
    },
    {
        "bookingid": 498
    },
    {
        "bookingid": 677
    },
    {
        "bookingid": 181
    },
    {
        "bookingid": 533
    },
    {
        "bookingid": 621
    },
    {
        "bookingid": 596
    },
    {
        "bookingid": 190
    },
    {
        "bookingid": 213
    },
    {
        "bookingid": 310
    },
    {
        "bookingid": 407
    },
    {
        "bookingid": 758
    },
    {
        "bookingid": 612
    },
    {
        "bookingid": 51
    },
    {
        "bookingid": 453
    },
    {
        "bookingid": 395
    },
    {
        "bookingid": 721
    },
    {
        "bookingid": 445
    },
    {
        "bookingid": 682
    },
    {
        "bookingid": 935
    },
    {
        "bookingid": 94
    },
    {
        "bookingid": 907
    },
    {
        "bookingid": 560
    },
    {
        "bookingid": 513
    },
    {
        "bookingid": 342
    },
    {
        "bookingid": 951
    },
    {
        "bookingid": 713
    },
    {
        "bookingid": 510
    },
    {
        "bookingid": 463
    },
    {
        "bookingid": 320
    },
    {
        "bookingid": 617
    },
    {
        "bookingid": 699
    },
    {
        "bookingid": 17
    },
    {
        "bookingid": 770
    },
    {
        "bookingid": 519
    },
    {
        "bookingid": 172
    },
    {
        "bookingid": 503
    },
    {
        "bookingid": 712
    },
    {
        "bookingid": 789
    },
    {
        "bookingid": 605
    },
    {
        "bookingid": 858
    },
    {
        "bookingid": 912
    },
    {
        "bookingid": 984
    },
    {
        "bookingid": 488
    },
    {
        "bookingid": 702
    },
    {
        "bookingid": 87
    },
    {
        "bookingid": 79
    },
    {
        "bookingid": 797
    },
    {
        "bookingid": 879
    },
    {
        "bookingid": 365
    },
    {
        "bookingid": 482
    },
    {
        "bookingid": 761
    },
    {
        "bookingid": 654
    },
    {
        "bookingid": 434
    },
    {
        "bookingid": 801
    },
    {
        "bookingid": 273
    },
    {
        "bookingid": 54
    },
    {
        "bookingid": 831
    },
    {
        "bookingid": 348
    },
    {
        "bookingid": 844
    },
    {
        "bookingid": 709
    },
    {
        "bookingid": 370
    },
    {
        "bookingid": 746
    },
    {
        "bookingid": 454
    },
    {
        "bookingid": 860
    },
    {
        "bookingid": 700
    },
    {
        "bookingid": 58
    },
    {
        "bookingid": 383
    },
    {
        "bookingid": 119
    },
    {
        "bookingid": 53
    },
    {
        "bookingid": 645
    },
    {
        "bookingid": 925
    },
    {
        "bookingid": 374
    },
    {
        "bookingid": 950
    },
    {
        "bookingid": 301
    },
    {
        "bookingid": 476
    },
    {
        "bookingid": 232
    },
    {
        "bookingid": 34
    },
    {
        "bookingid": 27
    },
    {
        "bookingid": 792
    },
    {
        "bookingid": 890
    },
    {
        "bookingid": 990
    },
    {
        "bookingid": 187
    },
    {
        "bookingid": 174
    },
    {
        "bookingid": 452
    },
    {
        "bookingid": 873
    },
    {
        "bookingid": 775
    },
    {
        "bookingid": 903
    },
    {
        "bookingid": 344
    },
    {
        "bookingid": 112
    },
    {
        "bookingid": 548
    },
    {
        "bookingid": 60
    }
]
]]></system-out>
  </testcase>
  <testcase name="deleteBooking_shouldRemoveBooking" classname="com.example.restfulbooker.tests.BookingCrudTests" time="2.104">
    <system-out><![CDATA[[API] POST -> /booking
Request URI:	https://restful-booker.herokuapp.com/booking
Body:
{
    "firstname": "Shubhanshu",
    "lastname": "Rastogi",
    "totalprice": 150,
    "depositpaid": true,
    "bookingdates": {
        "checkin": "2025-01-01",
        "checkout": "2025-01-05"
    },
    "additionalneeds": "Breakfast"
}
Request URI:	https://restful-booker.herokuapp.com/booking
Body:
{
    "firstname": "Shubhanshu",
    "lastname": "Rastogi",
    "totalprice": 150,
    "depositpaid": true,
    "bookingdates": {
        "checkin": "2025-01-01",
        "checkout": "2025-01-05"
    },
    "additionalneeds": "Breakfast"
}
Request URI:	https://restful-booker.herokuapp.com/booking
Request method:	POST
{
    "bookingid": 1011,
    "booking": {
        "firstname": "Shubhanshu",
        "lastname": "Rastogi",
        "totalprice": 150,
        "depositpaid": true,
        "bookingdates": {
            "checkin": "2025-01-01",
            "checkout": "2025-01-05"
        },
        "additionalneeds": "Breakfast"
    }
}
HTTP/1.1 200 OK
{
    "bookingid": 1011,
    "booking": {
        "firstname": "Shubhanshu",
        "lastname": "Rastogi",
        "totalprice": 150,
        "depositpaid": true,
        "bookingdates": {
            "checkin": "2025-01-01",
            "checkout": "2025-01-05"
        },
        "additionalneeds": "Breakfast"
    }
}
HTTP/1.1 200 OK
[API] Status: 200
[API] POST -> /auth
Request URI:	https://restful-booker.herokuapp.com/auth
Body:
{
    "username": "admin",
    "password": "password123"
}
Request URI:	https://restful-booker.herokuapp.com/auth
Body:
{
    "username": "admin",
    "password": "password123"
}
Request URI:	https://restful-booker.herokuapp.com/auth
Request method:	POST
{
    "token": "a3addb1b6d92ff5"
}
HTTP/1.1 200 OK
{
    "token": "a3addb1b6d92ff5"
}
HTTP/1.1 200 OK
[API] Status: 200
[API] DELETE -> /booking/1011
Request URI:	https://restful-booker.herokuapp.com/booking/1011
Body:			<none>
Request URI:	https://restful-booker.herokuapp.com/booking/1011
Body:			<none>
Request URI:	https://restful-booker.herokuapp.com/booking/1011
Request method:	DELETE
Created
HTTP/1.1 201 Created
Created
HTTP/1.1 201 Created
[API] Status: 201
[API] GET -> /booking/1011
Request URI:	https://restful-booker.herokuapp.com/booking/1011
Body:			<none>
Request URI:	https://restful-booker.herokuapp.com/booking/1011
Body:			<none>
Request URI:	https://restful-booker.herokuapp.com/booking/1011
Request method:	GET
Not Found
HTTP/1.1 404 Not Found
Not Found
HTTP/1.1 404 Not Found
[API] Status: 404
]]></system-out>
  </testcase>
  <testcase name="updateBooking_shouldRequireAuthAndReturnUpdatedBooking" classname="com.example.restfulbooker.tests.BookingCrudTests" time="1.026">
    <system-out><![CDATA[[API] POST -> /booking
Request URI:	https://restful-booker.herokuapp.com/booking
Body:
{
    "firstname": "Shubhanshu",
    "lastname": "Rastogi",
    "totalprice": 150,
    "depositpaid": true,
    "bookingdates": {
        "checkin": "2025-01-01",
        "checkout": "2025-01-05"
    },
    "additionalneeds": "Breakfast"
}
Request URI:	https://restful-booker.herokuapp.com/booking
Body:
{
    "firstname": "Shubhanshu",
    "lastname": "Rastogi",
    "totalprice": 150,
    "depositpaid": true,
    "bookingdates": {
        "checkin": "2025-01-01",
        "checkout": "2025-01-05"
    },
    "additionalneeds": "Breakfast"
}
Request URI:	https://restful-booker.herokuapp.com/booking
Request method:	POST
{
    "bookingid": 1031,
    "booking": {
        "firstname": "Shubhanshu",
        "lastname": "Rastogi",
        "totalprice": 150,
        "depositpaid": true,
        "bookingdates": {
            "checkin": "2025-01-01",
            "checkout": "2025-01-05"
        },
        "additionalneeds": "Breakfast"
    }
}
HTTP/1.1 200 OK
{
    "bookingid": 1031,
    "booking": {
        "firstname": "Shubhanshu",
        "lastname": "Rastogi",
        "totalprice": 150,
        "depositpaid": true,
        "bookingdates": {
            "checkin": "2025-01-01",
            "checkout": "2025-01-05"
        },
        "additionalneeds": "Breakfast"
    }
}
HTTP/1.1 200 OK
[API] Status: 200
[API] PUT -> /booking/1031
Request URI:	https://restful-booker.herokuapp.com/booking/1031
Body:
{
    "firstname": "Shubhanshu",
    "lastname": "UpdatedLastName",
    "totalprice": 150,
    "depositpaid": true,
    "bookingdates": {
        "checkin": "2025-01-01",
        "checkout": "2025-01-05"
    },
    "additionalneeds": "Breakfast"
}
Request URI:	https://restful-booker.herokuapp.com/booking/1031
Body:
{
    "firstname": "Shubhanshu",
    "lastname": "UpdatedLastName",
    "totalprice": 150,
    "depositpaid": true,
    "bookingdates": {
        "checkin": "2025-01-01",
        "checkout": "2025-01-05"
    },
    "additionalneeds": "Breakfast"
}
Request URI:	https://restful-booker.herokuapp.com/booking/1031
Request method:	PUT
{
    "firstname": "Shubhanshu",
    "lastname": "UpdatedLastName",
    "totalprice": 150,
    "depositpaid": true,
    "bookingdates": {
        "checkin": "2025-01-01",
        "checkout": "2025-01-05"
    },
    "additionalneeds": "Breakfast"
}
HTTP/1.1 200 OK
{
    "firstname": "Shubhanshu",
    "lastname": "UpdatedLastName",
    "totalprice": 150,
    "depositpaid": true,
    "bookingdates": {
        "checkin": "2025-01-01",
        "checkout": "2025-01-05"
    },
    "additionalneeds": "Breakfast"
}
HTTP/1.1 200 OK
[API] Status: 200
{
    "firstname": "Shubhanshu",
    "lastname": "UpdatedLastName",
    "totalprice": 150,
    "depositpaid": true,
    "bookingdates": {
        "checkin": "2025-01-01",
        "checkout": "2025-01-05"
    },
    "additionalneeds": "Breakfast"
}
]]></system-out>
  </testcase>
  <testcase name="createBooking_shouldReturnBookingIdAndBookingObject" classname="com.example.restfulbooker.tests.BookingCrudTests" time="0.594">
    <system-out><![CDATA[[API] POST -> /booking
Request URI:	https://restful-booker.herokuapp.com/booking
Body:
{
    "firstname": "Shubhanshu",
    "lastname": "Rastogi",
    "totalprice": 150,
    "depositpaid": true,
    "bookingdates": {
        "checkin": "2025-01-01",
        "checkout": "2025-01-05"
    },
    "additionalneeds": "Breakfast"
}
Request URI:	https://restful-booker.herokuapp.com/booking
Body:
{
    "firstname": "Shubhanshu",
    "lastname": "Rastogi",
    "totalprice": 150,
    "depositpaid": true,
    "bookingdates": {
        "checkin": "2025-01-01",
        "checkout": "2025-01-05"
    },
    "additionalneeds": "Breakfast"
}
Request URI:	https://restful-booker.herokuapp.com/booking
Request method:	POST
{
    "bookingid": 1041,
    "booking": {
        "firstname": "Shubhanshu",
        "lastname": "Rastogi",
        "totalprice": 150,
        "depositpaid": true,
        "bookingdates": {
            "checkin": "2025-01-01",
            "checkout": "2025-01-05"
        },
        "additionalneeds": "Breakfast"
    }
}
HTTP/1.1 200 OK
{
    "bookingid": 1041,
    "booking": {
        "firstname": "Shubhanshu",
        "lastname": "Rastogi",
        "totalprice": 150,
        "depositpaid": true,
        "bookingdates": {
            "checkin": "2025-01-01",
            "checkout": "2025-01-05"
        },
        "additionalneeds": "Breakfast"
    }
}
HTTP/1.1 200 OK
[API] Status: 200
{
    "bookingid": 1041,
    "booking": {
        "firstname": "Shubhanshu",
        "lastname": "Rastogi",
        "totalprice": 150,
        "depositpaid": true,
        "bookingdates": {
            "checkin": "2025-01-01",
            "checkout": "2025-01-05"
        },
        "additionalneeds": "Breakfast"
    }
}
]]></system-out>
  </testcase>
</testsuite>